#
# There is insufficient memory for the Java Runtime Environment to continue.
# Native memory allocation (malloc) failed to allocate 1309776 bytes for Chunk::new
# Possible reasons:
#   The system is out of physical RAM or swap space
#   The process is running with CompressedOops enabled, and the Java Heap may be blocking the growth of the native heap
# Possible solutions:
#   Reduce memory load on the system
#   Increase physical memory or swap space
#   Check if swap backing store is full
#   Decrease Java heap size (-Xmx/-Xms)
#   Decrease number of Java threads
#   Decrease Java thread stack sizes (-Xss)
#   Set larger code cache with -XX:ReservedCodeCacheSize=
#   JVM is running with Unscaled Compressed Oops mode in which the Java heap is
#     placed in the first 4GB address space. The Java Heap base address is the
#     maximum limit for the native heap growth. Please use -XX:HeapBaseMinAddress
#     to set the Java Heap base and to place the Java Heap above 4GB virtual address.
# This output file may be truncated or incomplete.
#
#  Out of Memory Error (arena.cpp:184), pid=18352, tid=17948
#
# JRE version: Java(TM) SE Runtime Environment (18.0.2+9) (build 18.0.2+9-61)
# Java VM: Java HotSpot(TM) 64-Bit Server VM (18.0.2+9-61, mixed mode, sharing, tiered, compressed oops, compressed class ptrs, g1 gc, windows-amd64)
# No core dump will be written. Minidumps are not enabled by default on client versions of Windows
#

---------------  S U M M A R Y ------------

Command Line: -Dfile.encoding=UTF-8 -XX:+ShowCodeDetailsInExceptionMessages com.section2.KeysClass

Host: Intel(R) Core(TM) i5-9300HF CPU @ 2.40GHz, 8 cores, 7G,  Windows 10 , 64 bit Build 19041 (10.0.19041.2251)
Time: Sun Nov 13 16:01:12 2022 India Standard Time elapsed time: 4.592865 seconds (0d 0h 0m 4s)

---------------  T H R E A D  ---------------

Current thread (0x0000025384121ab0):  JavaThread "C2 CompilerThread0" daemon [_thread_in_native, id=17948, stack(0x000000694aa00000,0x000000694ab00000)]


Current CompileTask:
C2:   4593 1784       4       java.lang.invoke.MethodType::makeImpl (109 bytes)

Stack: [0x000000694aa00000,0x000000694ab00000]
Native frames: (J=compiled Java code, j=interpreted, Vv=VM code, C=native code)
V  [jvm.dll+0x6993ca]
V  [jvm.dll+0x7f481d]
V  [jvm.dll+0x7f612e]
V  [jvm.dll+0x7f67e3]
V  [jvm.dll+0x25cdaf]
V  [jvm.dll+0xb8c2f]
V  [jvm.dll+0xb8fa5]
V  [jvm.dll+0x386091]
V  [jvm.dll+0x34fd01]
V  [jvm.dll+0x34f19a]
V  [jvm.dll+0x22ff51]
V  [jvm.dll+0x22f321]
V  [jvm.dll+0x1ba01c]
V  [jvm.dll+0x23ec9a]
V  [jvm.dll+0x23cf85]
V  [jvm.dll+0x7a6e21]
V  [jvm.dll+0x7a125a]
V  [jvm.dll+0x698275]
C  [ucrtbase.dll+0x21bb2]
C  [KERNEL32.DLL+0x174b4]
C  [ntdll.dll+0x526a1]


---------------  P R O C E S S  ---------------

Threads class SMR info:
_java_thread_list=0x000002538977cf20, length=24, elements={
0x00000253e5ee72d0, 0x00000253840f5860, 0x00000253840f6650, 0x0000025384110b90,
0x0000025384112450, 0x0000025384112e40, 0x000002538411ed40, 0x0000025384121ab0,
0x00000253841223a0, 0x0000025384125090, 0x00000253884a5910, 0x00000253884a5de0,
0x00000253884a5440, 0x00000253884a3c30, 0x00000253884a4100, 0x00000253884a6780,
0x00000253884a3760, 0x00000253884a45d0, 0x00000253884a62b0, 0x00000253884a4aa0,
0x00000253884a6c50, 0x00000253884a4f70, 0x00000253884a7120, 0x0000025389982ca0
}

Java Threads: ( => current thread )
  0x00000253e5ee72d0 JavaThread "Forwarding get on session e5e6e22fc0569a16bb37600ec43a9a5c to remote" [_thread_blocked, id=18252, stack(0x0000006949d00000,0x0000006949e00000)]
  0x00000253840f5860 JavaThread "Reference Handler" daemon [_thread_blocked, id=14816, stack(0x000000694a400000,0x000000694a500000)]
  0x00000253840f6650 JavaThread "Finalizer" daemon [_thread_blocked, id=18436, stack(0x000000694a500000,0x000000694a600000)]
  0x0000025384110b90 JavaThread "Signal Dispatcher" daemon [_thread_blocked, id=16564, stack(0x000000694a600000,0x000000694a700000)]
  0x0000025384112450 JavaThread "Attach Listener" daemon [_thread_blocked, id=8840, stack(0x000000694a700000,0x000000694a800000)]
  0x0000025384112e40 JavaThread "Service Thread" daemon [_thread_blocked, id=11240, stack(0x000000694a800000,0x000000694a900000)]
  0x000002538411ed40 JavaThread "Monitor Deflation Thread" daemon [_thread_blocked, id=16180, stack(0x000000694a900000,0x000000694aa00000)]
=>0x0000025384121ab0 JavaThread "C2 CompilerThread0" daemon [_thread_in_native, id=17948, stack(0x000000694aa00000,0x000000694ab00000)]
  0x00000253841223a0 JavaThread "C1 CompilerThread0" daemon [_thread_blocked, id=2960, stack(0x000000694ab00000,0x000000694ac00000)]
  0x0000025384125090 JavaThread "Sweeper thread" daemon [_thread_blocked, id=3764, stack(0x000000694ac00000,0x000000694ad00000)]
  0x00000253884a5910 JavaThread "Notification Thread" daemon [_thread_blocked, id=9864, stack(0x000000694ad00000,0x000000694ae00000)]
  0x00000253884a5de0 JavaThread "Common-Cleaner" daemon [_thread_blocked, id=10572, stack(0x000000694af00000,0x000000694b000000)]
  0x00000253884a5440 JavaThread "ForkJoinPool.commonPool-worker-1" daemon [_thread_blocked, id=14784, stack(0x000000694b000000,0x000000694b100000)]
  0x00000253884a3c30 JavaThread "AsyncHttpClient-1-1" daemon [_thread_blocked, id=18440, stack(0x000000694b200000,0x000000694b300000)]
  0x00000253884a4100 JavaThread "Exec Default Executor" daemon [_thread_in_native, id=13552, stack(0x000000694bd00000,0x000000694be00000)]
  0x00000253884a6780 JavaThread "Driver Service Executor" daemon [_thread_blocked, id=18892, stack(0x000000694be00000,0x000000694bf00000)]
  0x00000253884a3760 JavaThread "Driver Service Executor" daemon [_thread_blocked, id=16344, stack(0x000000694bf00000,0x000000694c000000)]
  0x00000253884a45d0 JavaThread "UrlChecker-2" daemon [_thread_blocked, id=10012, stack(0x000000694c000000,0x000000694c100000)]
  0x00000253884a62b0 JavaThread "Exec Stream Pumper" daemon [_thread_in_native, id=15728, stack(0x000000694c200000,0x000000694c300000)]
  0x00000253884a4aa0 JavaThread "Exec Stream Pumper" daemon [_thread_in_native, id=14444, stack(0x000000694c300000,0x000000694c400000)]
  0x00000253884a6c50 JavaThread "Keep-Alive-Timer" daemon [_thread_blocked, id=12060, stack(0x000000694b100000,0x000000694b200000)]
  0x00000253884a4f70 JavaThread "AsyncHttpClient-1-2" daemon [_thread_in_native, id=19420, stack(0x000000694b300000,0x000000694b400000)]
  0x00000253884a7120 JavaThread "AsyncHttpClient-1-3" daemon [_thread_in_native, id=8472, stack(0x000000694c400000,0x000000694c500000)]
  0x0000025389982ca0 JavaThread "AsyncHttpClient-1-4" daemon [_thread_in_native, id=17660, stack(0x000000694c500000,0x000000694c600000)]

Other Threads:
  0x00000253840f2950 VMThread "VM Thread" [stack: 0x000000694a300000,0x000000694a400000] [id=17968]
  0x00000253884d53d0 WatcherThread "VM Periodic Task Thread" [stack: 0x000000694ae00000,0x000000694af00000] [id=17724]
  0x00000253e5f47c50 WorkerThread "GC Thread#0" [stack: 0x0000006949e00000,0x0000006949f00000] [id=15260]
  0x0000025388d32680 WorkerThread "GC Thread#1" [stack: 0x000000694b400000,0x000000694b500000] [id=14528]
  0x0000025388d32920 WorkerThread "GC Thread#2" [stack: 0x000000694b500000,0x000000694b600000] [id=15676]
  0x00000253897d1d10 WorkerThread "GC Thread#3" [stack: 0x000000694b600000,0x000000694b700000] [id=6228]
  0x0000025389529f70 WorkerThread "GC Thread#4" [stack: 0x000000694b700000,0x000000694b800000] [id=10068]
  0x000002538952a210 WorkerThread "GC Thread#5" [stack: 0x000000694b800000,0x000000694b900000] [id=836]
  0x000002538952aad0 WorkerThread "GC Thread#6" [stack: 0x000000694b900000,0x000000694ba00000] [id=8232]
  0x000002538952ad70 WorkerThread "GC Thread#7" [stack: 0x000000694ba00000,0x000000694bb00000] [id=13224]
  0x00000253e5f59f80 ConcurrentGCThread "G1 Main Marker" [stack: 0x0000006949f00000,0x000000694a000000] [id=16276]
  0x00000253e5f5a880 WorkerThread "G1 Conc#0" [stack: 0x000000694a000000,0x000000694a100000] [id=18152]
  0x00000253e5fae940 ConcurrentGCThread "G1 Refine#0" [stack: 0x000000694a100000,0x000000694a200000] [id=13768]
  0x0000025388d32bc0 ConcurrentGCThread "G1 Refine#1" [stack: 0x000000694bb00000,0x000000694bc00000] [id=18444]
  0x00000253897b2d20 ConcurrentGCThread "G1 Refine#2" [stack: 0x000000694bc00000,0x000000694bd00000] [id=11812]
  0x0000025383fb0470 ConcurrentGCThread "G1 Service" [stack: 0x000000694a200000,0x000000694a300000] [id=18236]

Threads with active compile tasks:
C2 CompilerThread0     5051 1784       4       java.lang.invoke.MethodType::makeImpl (109 bytes)

VM state: not at safepoint (normal execution)

VM Mutex/Monitor currently owned by a thread: None

Heap address: 0x0000000081600000, size: 2026 MB, Compressed Oops mode: 32-bit

CDS archive(s) mapped at: [0x0000000800000000-0x0000000800ba0000-0x0000000800ba0000), size 12189696, SharedBaseAddress: 0x0000000800000000, ArchiveRelocationMode: 0.
Compressed class space mapped at: 0x0000000800c00000-0x0000000840c00000, reserved size: 1073741824
Narrow klass base: 0x0000000800000000, Narrow klass shift: 0, Narrow klass range: 0x100000000

GC Precious Log:
 CardTable entry size: 512
 Card Set container configuration: InlinePtr #cards 5 size 8 Array Of Cards #cards 12 size 40 Howl #buckets 4 coarsen threshold 1843 Howl Bitmap #cards 512 size 80 coarsen threshold 460 Card regions per heap region 1 cards per card region 2048
 CPUs: 8 total, 8 available
 Memory: 8103M
 Large Page Support: Disabled
 NUMA Support: Disabled
 Compressed Oops: Enabled (32-bit)
 Heap Region Size: 1M
 Heap Min Capacity: 8M
 Heap Initial Capacity: 128M
 Heap Max Capacity: 2026M
 Pre-touch: Disabled
 Parallel Workers: 8
 Concurrent Workers: 2
 Concurrent Refinement Workers: 8
 Periodic GC: Disabled

Heap:
 garbage-first heap   total 131072K, used 23225K [0x0000000081600000, 0x0000000100000000)
  region size 1024K, 12 young (12288K), 2 survivors (2048K)
 Metaspace       used 17327K, committed 17536K, reserved 1114112K
  class space    used 2119K, committed 2240K, reserved 1048576K

Heap Regions: E=young(eden), S=young(survivor), O=old, HS=humongous(starts), HC=humongous(continues), CS=collection set, F=free, OA=open archive, CA=closed archive, TAMS=top-at-mark-start (previous, next)
|   0|0x0000000081600000, 0x0000000081700000, 0x0000000081700000|100%| O|  |TAMS 0x0000000081600000, 0x0000000081600000| Untracked 
|   1|0x0000000081700000, 0x0000000081800000, 0x0000000081800000|100%| O|  |TAMS 0x0000000081700000, 0x0000000081700000| Untracked 
|   2|0x0000000081800000, 0x0000000081900000, 0x0000000081900000|100%| O|  |TAMS 0x0000000081800000, 0x0000000081800000| Untracked 
|   3|0x0000000081900000, 0x0000000081a00000, 0x0000000081a00000|100%| O|  |TAMS 0x0000000081900000, 0x0000000081900000| Untracked 
|   4|0x0000000081a00000, 0x0000000081b00000, 0x0000000081b00000|100%| O|  |TAMS 0x0000000081a00000, 0x0000000081a00000| Untracked 
|   5|0x0000000081b00000, 0x0000000081c00000, 0x0000000081c00000|100%| O|  |TAMS 0x0000000081b00000, 0x0000000081b00000| Untracked 
|   6|0x0000000081c00000, 0x0000000081cd8800, 0x0000000081d00000| 84%| O|  |TAMS 0x0000000081c00000, 0x0000000081c00000| Untracked 
|   7|0x0000000081d00000, 0x0000000081e00000, 0x0000000081e00000|100%|HS|  |TAMS 0x0000000081d00000, 0x0000000081d00000| Complete 
|   8|0x0000000081e00000, 0x0000000081f00000, 0x0000000081f00000|100%|HC|  |TAMS 0x0000000081e00000, 0x0000000081e00000| Complete 
|   9|0x0000000081f00000, 0x0000000082000000, 0x0000000082000000|100%|HC|  |TAMS 0x0000000081f00000, 0x0000000081f00000| Complete 
|  10|0x0000000082000000, 0x0000000082100000, 0x0000000082100000|100%|HC|  |TAMS 0x0000000082000000, 0x0000000082000000| Complete 
|  11|0x0000000082100000, 0x0000000082200000, 0x0000000082200000|100%|HC|  |TAMS 0x0000000082100000, 0x0000000082100000| Complete 
|  12|0x0000000082200000, 0x0000000082200000, 0x0000000082300000|  0%| F|  |TAMS 0x0000000082200000, 0x0000000082200000| Untracked 
|  13|0x0000000082300000, 0x0000000082300000, 0x0000000082400000|  0%| F|  |TAMS 0x0000000082300000, 0x0000000082300000| Untracked 
|  14|0x0000000082400000, 0x0000000082400000, 0x0000000082500000|  0%| F|  |TAMS 0x0000000082400000, 0x0000000082400000| Untracked 
|  15|0x0000000082500000, 0x0000000082500000, 0x0000000082600000|  0%| F|  |TAMS 0x0000000082500000, 0x0000000082500000| Untracked 
|  16|0x0000000082600000, 0x0000000082600000, 0x0000000082700000|  0%| F|  |TAMS 0x0000000082600000, 0x0000000082600000| Untracked 
|  17|0x0000000082700000, 0x0000000082700000, 0x0000000082800000|  0%| F|  |TAMS 0x0000000082700000, 0x0000000082700000| Untracked 
|  18|0x0000000082800000, 0x0000000082800000, 0x0000000082900000|  0%| F|  |TAMS 0x0000000082800000, 0x0000000082800000| Untracked 
|  19|0x0000000082900000, 0x0000000082900000, 0x0000000082a00000|  0%| F|  |TAMS 0x0000000082900000, 0x0000000082900000| Untracked 
|  20|0x0000000082a00000, 0x0000000082a00000, 0x0000000082b00000|  0%| F|  |TAMS 0x0000000082a00000, 0x0000000082a00000| Untracked 
|  21|0x0000000082b00000, 0x0000000082b00000, 0x0000000082c00000|  0%| F|  |TAMS 0x0000000082b00000, 0x0000000082b00000| Untracked 
|  22|0x0000000082c00000, 0x0000000082c00000, 0x0000000082d00000|  0%| F|  |TAMS 0x0000000082c00000, 0x0000000082c00000| Untracked 
|  23|0x0000000082d00000, 0x0000000082d00000, 0x0000000082e00000|  0%| F|  |TAMS 0x0000000082d00000, 0x0000000082d00000| Untracked 
|  24|0x0000000082e00000, 0x0000000082e00000, 0x0000000082f00000|  0%| F|  |TAMS 0x0000000082e00000, 0x0000000082e00000| Untracked 
|  25|0x0000000082f00000, 0x0000000082f00000, 0x0000000083000000|  0%| F|  |TAMS 0x0000000082f00000, 0x0000000082f00000| Untracked 
|  26|0x0000000083000000, 0x0000000083000000, 0x0000000083100000|  0%| F|  |TAMS 0x0000000083000000, 0x0000000083000000| Untracked 
|  27|0x0000000083100000, 0x0000000083100000, 0x0000000083200000|  0%| F|  |TAMS 0x0000000083100000, 0x0000000083100000| Untracked 
|  28|0x0000000083200000, 0x0000000083200000, 0x0000000083300000|  0%| F|  |TAMS 0x0000000083200000, 0x0000000083200000| Untracked 
|  29|0x0000000083300000, 0x0000000083300000, 0x0000000083400000|  0%| F|  |TAMS 0x0000000083300000, 0x0000000083300000| Untracked 
|  30|0x0000000083400000, 0x0000000083400000, 0x0000000083500000|  0%| F|  |TAMS 0x0000000083400000, 0x0000000083400000| Untracked 
|  31|0x0000000083500000, 0x0000000083500000, 0x0000000083600000|  0%| F|  |TAMS 0x0000000083500000, 0x0000000083500000| Untracked 
|  32|0x0000000083600000, 0x0000000083600000, 0x0000000083700000|  0%| F|  |TAMS 0x0000000083600000, 0x0000000083600000| Untracked 
|  33|0x0000000083700000, 0x0000000083700000, 0x0000000083800000|  0%| F|  |TAMS 0x0000000083700000, 0x0000000083700000| Untracked 
|  34|0x0000000083800000, 0x0000000083800000, 0x0000000083900000|  0%| F|  |TAMS 0x0000000083800000, 0x0000000083800000| Untracked 
|  35|0x0000000083900000, 0x0000000083900000, 0x0000000083a00000|  0%| F|  |TAMS 0x0000000083900000, 0x0000000083900000| Untracked 
|  36|0x0000000083a00000, 0x0000000083a00000, 0x0000000083b00000|  0%| F|  |TAMS 0x0000000083a00000, 0x0000000083a00000| Untracked 
|  37|0x0000000083b00000, 0x0000000083b00000, 0x0000000083c00000|  0%| F|  |TAMS 0x0000000083b00000, 0x0000000083b00000| Untracked 
|  38|0x0000000083c00000, 0x0000000083c00000, 0x0000000083d00000|  0%| F|  |TAMS 0x0000000083c00000, 0x0000000083c00000| Untracked 
|  39|0x0000000083d00000, 0x0000000083d00000, 0x0000000083e00000|  0%| F|  |TAMS 0x0000000083d00000, 0x0000000083d00000| Untracked 
|  40|0x0000000083e00000, 0x0000000083e00000, 0x0000000083f00000|  0%| F|  |TAMS 0x0000000083e00000, 0x0000000083e00000| Untracked 
|  41|0x0000000083f00000, 0x0000000083f00000, 0x0000000084000000|  0%| F|  |TAMS 0x0000000083f00000, 0x0000000083f00000| Untracked 
|  42|0x0000000084000000, 0x0000000084000000, 0x0000000084100000|  0%| F|  |TAMS 0x0000000084000000, 0x0000000084000000| Untracked 
|  43|0x0000000084100000, 0x0000000084100000, 0x0000000084200000|  0%| F|  |TAMS 0x0000000084100000, 0x0000000084100000| Untracked 
|  44|0x0000000084200000, 0x0000000084200000, 0x0000000084300000|  0%| F|  |TAMS 0x0000000084200000, 0x0000000084200000| Untracked 
|  45|0x0000000084300000, 0x0000000084300000, 0x0000000084400000|  0%| F|  |TAMS 0x0000000084300000, 0x0000000084300000| Untracked 
|  46|0x0000000084400000, 0x0000000084400000, 0x0000000084500000|  0%| F|  |TAMS 0x0000000084400000, 0x0000000084400000| Untracked 
|  47|0x0000000084500000, 0x0000000084500000, 0x0000000084600000|  0%| F|  |TAMS 0x0000000084500000, 0x0000000084500000| Untracked 
|  48|0x0000000084600000, 0x0000000084600000, 0x0000000084700000|  0%| F|  |TAMS 0x0000000084600000, 0x0000000084600000| Untracked 
|  49|0x0000000084700000, 0x0000000084700000, 0x0000000084800000|  0%| F|  |TAMS 0x0000000084700000, 0x0000000084700000| Untracked 
|  50|0x0000000084800000, 0x0000000084800000, 0x0000000084900000|  0%| F|  |TAMS 0x0000000084800000, 0x0000000084800000| Untracked 
|  51|0x0000000084900000, 0x0000000084900000, 0x0000000084a00000|  0%| F|  |TAMS 0x0000000084900000, 0x0000000084900000| Untracked 
|  52|0x0000000084a00000, 0x0000000084a00000, 0x0000000084b00000|  0%| F|  |TAMS 0x0000000084a00000, 0x0000000084a00000| Untracked 
|  53|0x0000000084b00000, 0x0000000084b00000, 0x0000000084c00000|  0%| F|  |TAMS 0x0000000084b00000, 0x0000000084b00000| Untracked 
|  54|0x0000000084c00000, 0x0000000084c00000, 0x0000000084d00000|  0%| F|  |TAMS 0x0000000084c00000, 0x0000000084c00000| Untracked 
|  55|0x0000000084d00000, 0x0000000084d00000, 0x0000000084e00000|  0%| F|  |TAMS 0x0000000084d00000, 0x0000000084d00000| Untracked 
|  56|0x0000000084e00000, 0x0000000084e00000, 0x0000000084f00000|  0%| F|  |TAMS 0x0000000084e00000, 0x0000000084e00000| Untracked 
|  57|0x0000000084f00000, 0x0000000084f00000, 0x0000000085000000|  0%| F|  |TAMS 0x0000000084f00000, 0x0000000084f00000| Untracked 
|  58|0x0000000085000000, 0x0000000085000000, 0x0000000085100000|  0%| F|  |TAMS 0x0000000085000000, 0x0000000085000000| Untracked 
|  59|0x0000000085100000, 0x0000000085100000, 0x0000000085200000|  0%| F|  |TAMS 0x0000000085100000, 0x0000000085100000| Untracked 
|  60|0x0000000085200000, 0x0000000085200000, 0x0000000085300000|  0%| F|  |TAMS 0x0000000085200000, 0x0000000085200000| Untracked 
|  61|0x0000000085300000, 0x0000000085300000, 0x0000000085400000|  0%| F|  |TAMS 0x0000000085300000, 0x0000000085300000| Untracked 
|  62|0x0000000085400000, 0x0000000085400000, 0x0000000085500000|  0%| F|  |TAMS 0x0000000085400000, 0x0000000085400000| Untracked 
|  63|0x0000000085500000, 0x0000000085500000, 0x0000000085600000|  0%| F|  |TAMS 0x0000000085500000, 0x0000000085500000| Untracked 
|  64|0x0000000085600000, 0x0000000085600000, 0x0000000085700000|  0%| F|  |TAMS 0x0000000085600000, 0x0000000085600000| Untracked 
|  65|0x0000000085700000, 0x0000000085700000, 0x0000000085800000|  0%| F|  |TAMS 0x0000000085700000, 0x0000000085700000| Untracked 
|  66|0x0000000085800000, 0x0000000085800000, 0x0000000085900000|  0%| F|  |TAMS 0x0000000085800000, 0x0000000085800000| Untracked 
|  67|0x0000000085900000, 0x0000000085900000, 0x0000000085a00000|  0%| F|  |TAMS 0x0000000085900000, 0x0000000085900000| Untracked 
|  68|0x0000000085a00000, 0x0000000085a00000, 0x0000000085b00000|  0%| F|  |TAMS 0x0000000085a00000, 0x0000000085a00000| Untracked 
|  69|0x0000000085b00000, 0x0000000085b00000, 0x0000000085c00000|  0%| F|  |TAMS 0x0000000085b00000, 0x0000000085b00000| Untracked 
|  70|0x0000000085c00000, 0x0000000085c00000, 0x0000000085d00000|  0%| F|  |TAMS 0x0000000085c00000, 0x0000000085c00000| Untracked 
|  71|0x0000000085d00000, 0x0000000085d00000, 0x0000000085e00000|  0%| F|  |TAMS 0x0000000085d00000, 0x0000000085d00000| Untracked 
|  72|0x0000000085e00000, 0x0000000085e00000, 0x0000000085f00000|  0%| F|  |TAMS 0x0000000085e00000, 0x0000000085e00000| Untracked 
|  73|0x0000000085f00000, 0x0000000085f00000, 0x0000000086000000|  0%| F|  |TAMS 0x0000000085f00000, 0x0000000085f00000| Untracked 
|  74|0x0000000086000000, 0x0000000086000000, 0x0000000086100000|  0%| F|  |TAMS 0x0000000086000000, 0x0000000086000000| Untracked 
|  75|0x0000000086100000, 0x0000000086100000, 0x0000000086200000|  0%| F|  |TAMS 0x0000000086100000, 0x0000000086100000| Untracked 
|  76|0x0000000086200000, 0x0000000086200000, 0x0000000086300000|  0%| F|  |TAMS 0x0000000086200000, 0x0000000086200000| Untracked 
|  77|0x0000000086300000, 0x0000000086300000, 0x0000000086400000|  0%| F|  |TAMS 0x0000000086300000, 0x0000000086300000| Untracked 
|  78|0x0000000086400000, 0x0000000086400000, 0x0000000086500000|  0%| F|  |TAMS 0x0000000086400000, 0x0000000086400000| Untracked 
|  79|0x0000000086500000, 0x0000000086500000, 0x0000000086600000|  0%| F|  |TAMS 0x0000000086500000, 0x0000000086500000| Untracked 
|  80|0x0000000086600000, 0x0000000086600000, 0x0000000086700000|  0%| F|  |TAMS 0x0000000086600000, 0x0000000086600000| Untracked 
|  81|0x0000000086700000, 0x0000000086700000, 0x0000000086800000|  0%| F|  |TAMS 0x0000000086700000, 0x0000000086700000| Untracked 
|  82|0x0000000086800000, 0x0000000086800000, 0x0000000086900000|  0%| F|  |TAMS 0x0000000086800000, 0x0000000086800000| Untracked 
|  83|0x0000000086900000, 0x0000000086900000, 0x0000000086a00000|  0%| F|  |TAMS 0x0000000086900000, 0x0000000086900000| Untracked 
|  84|0x0000000086a00000, 0x0000000086a00000, 0x0000000086b00000|  0%| F|  |TAMS 0x0000000086a00000, 0x0000000086a00000| Untracked 
|  85|0x0000000086b00000, 0x0000000086b00000, 0x0000000086c00000|  0%| F|  |TAMS 0x0000000086b00000, 0x0000000086b00000| Untracked 
|  86|0x0000000086c00000, 0x0000000086c00000, 0x0000000086d00000|  0%| F|  |TAMS 0x0000000086c00000, 0x0000000086c00000| Untracked 
|  87|0x0000000086d00000, 0x0000000086d00000, 0x0000000086e00000|  0%| F|  |TAMS 0x0000000086d00000, 0x0000000086d00000| Untracked 
|  88|0x0000000086e00000, 0x0000000086e00000, 0x0000000086f00000|  0%| F|  |TAMS 0x0000000086e00000, 0x0000000086e00000| Untracked 
|  89|0x0000000086f00000, 0x0000000086f00000, 0x0000000087000000|  0%| F|  |TAMS 0x0000000086f00000, 0x0000000086f00000| Untracked 
|  90|0x0000000087000000, 0x0000000087000000, 0x0000000087100000|  0%| F|  |TAMS 0x0000000087000000, 0x0000000087000000| Untracked 
|  91|0x0000000087100000, 0x0000000087100000, 0x0000000087200000|  0%| F|  |TAMS 0x0000000087100000, 0x0000000087100000| Untracked 
|  92|0x0000000087200000, 0x0000000087200000, 0x0000000087300000|  0%| F|  |TAMS 0x0000000087200000, 0x0000000087200000| Untracked 
|  93|0x0000000087300000, 0x0000000087300000, 0x0000000087400000|  0%| F|  |TAMS 0x0000000087300000, 0x0000000087300000| Untracked 
|  94|0x0000000087400000, 0x0000000087400000, 0x0000000087500000|  0%| F|  |TAMS 0x0000000087400000, 0x0000000087400000| Untracked 
|  95|0x0000000087500000, 0x0000000087500000, 0x0000000087600000|  0%| F|  |TAMS 0x0000000087500000, 0x0000000087500000| Untracked 
|  96|0x0000000087600000, 0x0000000087600000, 0x0000000087700000|  0%| F|  |TAMS 0x0000000087600000, 0x0000000087600000| Untracked 
|  97|0x0000000087700000, 0x0000000087700000, 0x0000000087800000|  0%| F|  |TAMS 0x0000000087700000, 0x0000000087700000| Untracked 
|  98|0x0000000087800000, 0x0000000087800000, 0x0000000087900000|  0%| F|  |TAMS 0x0000000087800000, 0x0000000087800000| Untracked 
|  99|0x0000000087900000, 0x0000000087900000, 0x0000000087a00000|  0%| F|  |TAMS 0x0000000087900000, 0x0000000087900000| Untracked 
| 100|0x0000000087a00000, 0x0000000087a00000, 0x0000000087b00000|  0%| F|  |TAMS 0x0000000087a00000, 0x0000000087a00000| Untracked 
| 101|0x0000000087b00000, 0x0000000087b00000, 0x0000000087c00000|  0%| F|  |TAMS 0x0000000087b00000, 0x0000000087b00000| Untracked 
| 102|0x0000000087c00000, 0x0000000087c00000, 0x0000000087d00000|  0%| F|  |TAMS 0x0000000087c00000, 0x0000000087c00000| Untracked 
| 103|0x0000000087d00000, 0x0000000087d00000, 0x0000000087e00000|  0%| F|  |TAMS 0x0000000087d00000, 0x0000000087d00000| Untracked 
| 104|0x0000000087e00000, 0x0000000087e00000, 0x0000000087f00000|  0%| F|  |TAMS 0x0000000087e00000, 0x0000000087e00000| Untracked 
| 105|0x0000000087f00000, 0x0000000087f00000, 0x0000000088000000|  0%| F|  |TAMS 0x0000000087f00000, 0x0000000087f00000| Untracked 
| 106|0x0000000088000000, 0x0000000088000000, 0x0000000088100000|  0%| F|  |TAMS 0x0000000088000000, 0x0000000088000000| Untracked 
| 107|0x0000000088100000, 0x00000000881d5d40, 0x0000000088200000| 83%| S|CS|TAMS 0x0000000088100000, 0x0000000088100000| Complete 
| 108|0x0000000088200000, 0x0000000088300000, 0x0000000088300000|100%| S|CS|TAMS 0x0000000088200000, 0x0000000088200000| Complete 
| 109|0x0000000088300000, 0x0000000088300000, 0x0000000088400000|  0%| F|  |TAMS 0x0000000088300000, 0x0000000088300000| Untracked 
| 110|0x0000000088400000, 0x0000000088400000, 0x0000000088500000|  0%| F|  |TAMS 0x0000000088400000, 0x0000000088400000| Untracked 
| 111|0x0000000088500000, 0x0000000088500000, 0x0000000088600000|  0%| F|  |TAMS 0x0000000088500000, 0x0000000088500000| Untracked 
| 112|0x0000000088600000, 0x0000000088600000, 0x0000000088700000|  0%| F|  |TAMS 0x0000000088600000, 0x0000000088600000| Untracked 
| 113|0x0000000088700000, 0x0000000088700000, 0x0000000088800000|  0%| F|  |TAMS 0x0000000088700000, 0x0000000088700000| Untracked 
| 114|0x0000000088800000, 0x0000000088800000, 0x0000000088900000|  0%| F|  |TAMS 0x0000000088800000, 0x0000000088800000| Untracked 
| 115|0x0000000088900000, 0x0000000088900000, 0x0000000088a00000|  0%| F|  |TAMS 0x0000000088900000, 0x0000000088900000| Untracked 
| 116|0x0000000088a00000, 0x0000000088a00000, 0x0000000088b00000|  0%| F|  |TAMS 0x0000000088a00000, 0x0000000088a00000| Untracked 
| 117|0x0000000088b00000, 0x0000000088b00000, 0x0000000088c00000|  0%| F|  |TAMS 0x0000000088b00000, 0x0000000088b00000| Untracked 
| 118|0x0000000088c00000, 0x0000000088cd0960, 0x0000000088d00000| 81%| E|  |TAMS 0x0000000088c00000, 0x0000000088c00000| Complete 
| 119|0x0000000088d00000, 0x0000000088e00000, 0x0000000088e00000|100%| E|CS|TAMS 0x0000000088d00000, 0x0000000088d00000| Complete 
| 120|0x0000000088e00000, 0x0000000088f00000, 0x0000000088f00000|100%| E|CS|TAMS 0x0000000088e00000, 0x0000000088e00000| Complete 
| 121|0x0000000088f00000, 0x0000000089000000, 0x0000000089000000|100%| E|CS|TAMS 0x0000000088f00000, 0x0000000088f00000| Complete 
| 122|0x0000000089000000, 0x0000000089100000, 0x0000000089100000|100%| E|CS|TAMS 0x0000000089000000, 0x0000000089000000| Complete 
| 123|0x0000000089100000, 0x0000000089200000, 0x0000000089200000|100%| E|CS|TAMS 0x0000000089100000, 0x0000000089100000| Complete 
| 124|0x0000000089200000, 0x0000000089300000, 0x0000000089300000|100%| E|CS|TAMS 0x0000000089200000, 0x0000000089200000| Complete 
| 125|0x0000000089300000, 0x0000000089400000, 0x0000000089400000|100%| E|CS|TAMS 0x0000000089300000, 0x0000000089300000| Complete 
| 126|0x0000000089400000, 0x0000000089500000, 0x0000000089500000|100%| E|CS|TAMS 0x0000000089400000, 0x0000000089400000| Complete 
| 127|0x0000000089500000, 0x0000000089600000, 0x0000000089600000|100%| E|CS|TAMS 0x0000000089500000, 0x0000000089500000| Complete 

Card table byte_map: [0x00000253fcf60000,0x00000253fd360000] _byte_map_base: 0x00000253fcb55000

Marking Bits (Prev, Next): (CMBitMap*) 0x00000253e5f49170, (CMBitMap*) 0x00000253e5f491b0
 Prev Bits: [0x00000253fd760000, 0x00000253ff708000)
 Next Bits: [0x0000025380000000, 0x0000025381fa8000)

Polling page: 0x00000253e3e60000

Metaspace:

Usage:
  Non-class:     14.85 MB used.
      Class:      2.07 MB used.
       Both:     16.92 MB used.

Virtual space:
  Non-class space:       64.00 MB reserved,      14.94 MB ( 23%) committed,  1 nodes.
      Class space:        1.00 GB reserved,       2.19 MB ( <1%) committed,  1 nodes.
             Both:        1.06 GB reserved,      17.12 MB (  2%) committed. 

Chunk freelists:
   Non-Class:  272.00 KB
       Class:  1.66 MB
        Both:  1.92 MB

MaxMetaspaceSize: unlimited
CompressedClassSpaceSize: 1.00 GB
Initial GC threshold: 21.00 MB
Current GC threshold: 21.00 MB
CDS: on
MetaspaceReclaimPolicy: balanced
 - commit_granule_bytes: 65536.
 - commit_granule_words: 8192.
 - virtual_space_node_default_size: 8388608.
 - enlarge_chunks_in_place: 1.
 - new_chunks_are_fully_committed: 0.
 - uncommit_free_chunks: 1.
 - use_allocation_guard: 0.


Internal statistics:

num_allocs_failed_limit: 0.
num_arena_births: 140.
num_arena_deaths: 0.
num_vsnodes_births: 2.
num_vsnodes_deaths: 0.
num_space_committed: 274.
num_space_uncommitted: 0.
num_chunks_returned_to_freelist: 0.
num_chunks_taken_from_freelist: 537.
num_chunk_merges: 0.
num_chunk_splits: 382.
num_chunks_enlarged: 324.
num_inconsistent_stats: 0.

CodeHeap 'non-profiled nmethods': size=120000Kb used=582Kb max_used=582Kb free=119417Kb
 bounds [0x00000253f52f0000, 0x00000253f5560000, 0x00000253fc820000]
CodeHeap 'profiled nmethods': size=120000Kb used=3341Kb max_used=3341Kb free=116659Kb
 bounds [0x00000253eddc0000, 0x00000253ee110000, 0x00000253f52f0000]
CodeHeap 'non-nmethods': size=5760Kb used=1263Kb max_used=1278Kb free=4496Kb
 bounds [0x00000253ed820000, 0x00000253eda90000, 0x00000253eddc0000]
 total_blobs=2356 nmethods=1794 adapters=475
 compilation: enabled
              stopped_count=0, restarted_count=0
 full_count=0

Compilation events (20 events):
Event: 4.296 Thread 0x00000253841223a0 nmethod 1783 0x00000253ee0ff410 code [0x00000253ee0ff5a0, 0x00000253ee0ff698]
Event: 4.296 Thread 0x00000253841223a0 1780       3       java.util.ArrayDeque::removeFirst (19 bytes)
Event: 4.297 Thread 0x00000253841223a0 nmethod 1780 0x00000253ee0ff710 code [0x00000253ee0ff8c0, 0x00000253ee0ffb98]
Event: 4.298 Thread 0x0000025384121ab0 1784       4       java.lang.invoke.MethodType::makeImpl (109 bytes)
Event: 4.298 Thread 0x00000253841223a0 1785       3       java.lang.Class::searchMethods (104 bytes)
Event: 4.301 Thread 0x00000253841223a0 nmethod 1785 0x00000253ee0ffc90 code [0x00000253ee0fff00, 0x00000253ee1009e8]
Event: 4.301 Thread 0x00000253841223a0 1786       3       com.google.common.collect.AbstractMapEntry::<init> (5 bytes)
Event: 4.301 Thread 0x00000253841223a0 nmethod 1786 0x00000253ee100e90 code [0x00000253ee101020, 0x00000253ee101178]
Event: 4.302 Thread 0x00000253841223a0 1787       3       java.util.BitSet::get (69 bytes)
Event: 4.304 Thread 0x00000253841223a0 nmethod 1787 0x00000253ee101210 code [0x00000253ee101460, 0x00000253ee101c68]
Event: 4.304 Thread 0x00000253841223a0 1788       3       io.netty.buffer.AbstractByteBuf::ensureAccessible (23 bytes)
Event: 4.304 Thread 0x00000253841223a0 nmethod 1788 0x00000253ee101f90 code [0x00000253ee102140, 0x00000253ee102438]
Event: 4.304 Thread 0x00000253841223a0 1789       3       io.netty.buffer.AbstractReferenceCountedByteBuf::isAccessible (8 bytes)
Event: 4.304 Thread 0x00000253841223a0 nmethod 1789 0x00000253ee102590 code [0x00000253ee102740, 0x00000253ee102888]
Event: 4.305 Thread 0x00000253841223a0 1790       1       io.netty.buffer.AbstractByteBuf::writerIndex (5 bytes)
Event: 4.305 Thread 0x00000253841223a0 nmethod 1790 0x00000253f5381190 code [0x00000253f5381320, 0x00000253f53813f8]
Event: 4.330 Thread 0x00000253841223a0 1791       3       io.netty.util.internal.shaded.org.jctools.queues.LinkedArrayQueueUtil::modifiedCalcCircularRefElementOffset (14 bytes)
Event: 4.331 Thread 0x00000253841223a0 nmethod 1791 0x00000253ee102910 code [0x00000253ee102aa0, 0x00000253ee102b98]
Event: 4.435 Thread 0x00000253841223a0 1792       3       sun.misc.Unsafe::getLong (9 bytes)
Event: 4.435 Thread 0x00000253841223a0 nmethod 1792 0x00000253ee102c10 code [0x00000253ee102da0, 0x00000253ee102eb8]

GC Heap History (4 events):
Event: 1.130 GC heap before
{Heap before GC invocations=0 (full 0):
 garbage-first heap   total 131072K, used 22528K [0x0000000081600000, 0x0000000100000000)
  region size 1024K, 23 young (23552K), 0 survivors (0K)
 Metaspace       used 7200K, committed 7424K, reserved 1114112K
  class space    used 805K, committed 896K, reserved 1048576K
}
Event: 1.141 GC heap after
{Heap after GC invocations=1 (full 0):
 garbage-first heap   total 131072K, used 7011K [0x0000000081600000, 0x0000000100000000)
  region size 1024K, 3 young (3072K), 3 survivors (3072K)
 Metaspace       used 7200K, committed 7424K, reserved 1114112K
  class space    used 805K, committed 896K, reserved 1048576K
}
Event: 2.143 GC heap before
{Heap before GC invocations=1 (full 0):
 garbage-first heap   total 131072K, used 26467K [0x0000000081600000, 0x0000000100000000)
  region size 1024K, 22 young (22528K), 3 survivors (3072K)
 Metaspace       used 14633K, committed 14848K, reserved 1114112K
  class space    used 1734K, committed 1856K, reserved 1048576K
}
Event: 2.153 GC heap after
{Heap after GC invocations=2 (full 0):
 garbage-first heap   total 131072K, used 8889K [0x0000000081600000, 0x0000000100000000)
  region size 1024K, 2 young (2048K), 2 survivors (2048K)
 Metaspace       used 14633K, committed 14848K, reserved 1114112K
  class space    used 1734K, committed 1856K, reserved 1048576K
}

Deoptimization events (20 events):
Event: 3.606 Thread 0x00000253e5ee72d0 Uncommon trap: trap_request=0xffffffde fr.pc=0x00000253f53788c8 relative=0x0000000000000128
Event: 3.606 Thread 0x00000253e5ee72d0 Uncommon trap: reason=class_check action=maybe_recompile pc=0x00000253f53788c8 method=jdk.internal.misc.Unsafe.allocateUninitializedArray(Ljava/lang/Class;I)Ljava/lang/Object; @ 51 c2
Event: 3.606 Thread 0x00000253e5ee72d0 DEOPT PACKING pc=0x00000253f53788c8 sp=0x0000006949dfcb10
Event: 3.606 Thread 0x00000253e5ee72d0 DEOPT UNPACKING pc=0x00000253ed8723a3 sp=0x0000006949dfca98 mode 2
Event: 3.606 Thread 0x00000253e5ee72d0 Uncommon trap: trap_request=0xffffffde fr.pc=0x00000253f53788c8 relative=0x0000000000000128
Event: 3.606 Thread 0x00000253e5ee72d0 Uncommon trap: reason=class_check action=maybe_recompile pc=0x00000253f53788c8 method=jdk.internal.misc.Unsafe.allocateUninitializedArray(Ljava/lang/Class;I)Ljava/lang/Object; @ 51 c2
Event: 3.606 Thread 0x00000253e5ee72d0 DEOPT PACKING pc=0x00000253f53788c8 sp=0x0000006949dfccb0
Event: 3.606 Thread 0x00000253e5ee72d0 DEOPT UNPACKING pc=0x00000253ed8723a3 sp=0x0000006949dfcc38 mode 2
Event: 3.606 Thread 0x00000253e5ee72d0 Uncommon trap: trap_request=0xffffffde fr.pc=0x00000253f53788c8 relative=0x0000000000000128
Event: 3.606 Thread 0x00000253e5ee72d0 Uncommon trap: reason=class_check action=maybe_recompile pc=0x00000253f53788c8 method=jdk.internal.misc.Unsafe.allocateUninitializedArray(Ljava/lang/Class;I)Ljava/lang/Object; @ 51 c2
Event: 3.606 Thread 0x00000253e5ee72d0 DEOPT PACKING pc=0x00000253f53788c8 sp=0x0000006949dfd060
Event: 3.606 Thread 0x00000253e5ee72d0 DEOPT UNPACKING pc=0x00000253ed8723a3 sp=0x0000006949dfcfe8 mode 2
Event: 3.736 Thread 0x00000253e5ee72d0 Uncommon trap: trap_request=0xffffffde fr.pc=0x00000253f5341d0c relative=0x00000000000009ec
Event: 3.736 Thread 0x00000253e5ee72d0 Uncommon trap: reason=class_check action=maybe_recompile pc=0x00000253f5341d0c method=java.util.HashMap.putVal(ILjava/lang/Object;Ljava/lang/Object;ZZ)Ljava/lang/Object; @ 253 c2
Event: 3.736 Thread 0x00000253e5ee72d0 DEOPT PACKING pc=0x00000253f5341d0c sp=0x0000006949dfe470
Event: 3.736 Thread 0x00000253e5ee72d0 DEOPT UNPACKING pc=0x00000253ed8723a3 sp=0x0000006949dfe3b8 mode 2
Event: 3.761 Thread 0x00000253e5ee72d0 Uncommon trap: trap_request=0xffffff45 fr.pc=0x00000253f533ab30 relative=0x0000000000000d90
Event: 3.761 Thread 0x00000253e5ee72d0 Uncommon trap: reason=unstable_if action=reinterpret pc=0x00000253f533ab30 method=java.util.concurrent.ConcurrentHashMap.putVal(Ljava/lang/Object;Ljava/lang/Object;Z)Ljava/lang/Object; @ 256 c2
Event: 3.761 Thread 0x00000253e5ee72d0 DEOPT PACKING pc=0x00000253f533ab30 sp=0x0000006949dfe490
Event: 3.761 Thread 0x00000253e5ee72d0 DEOPT UNPACKING pc=0x00000253ed8723a3 sp=0x0000006949dfe3f8 mode 2

Classes loaded (20 events):
Event: 3.981 Loading class java/util/stream/SortedOps
Event: 3.981 Loading class java/util/stream/SortedOps done
Event: 3.981 Loading class java/util/stream/SortedOps$OfRef
Event: 3.981 Loading class java/util/stream/SortedOps$OfRef done
Event: 3.982 Loading class java/util/Comparators$NaturalOrderComparator
Event: 3.982 Loading class java/util/Comparators$NaturalOrderComparator done
Event: 3.982 Loading class java/util/stream/ReferencePipeline$4
Event: 3.983 Loading class java/util/stream/ReferencePipeline$4 done
Event: 3.983 Loading class java/util/function/IntBinaryOperator
Event: 3.983 Loading class java/util/function/IntBinaryOperator done
Event: 3.983 Loading class java/util/stream/ReduceOps$6
Event: 3.984 Loading class java/util/stream/ReduceOps$6 done
Event: 3.984 Loading class java/util/stream/ReduceOps$5ReducingSink
Event: 3.984 Loading class java/util/stream/ReduceOps$5ReducingSink done
Event: 3.984 Loading class java/util/stream/ReferencePipeline$4$1
Event: 3.984 Loading class java/util/stream/ReferencePipeline$4$1 done
Event: 3.984 Loading class java/util/stream/SortedOps$SizedRefSortingSink
Event: 3.984 Loading class java/util/stream/SortedOps$AbstractRefSortingSink
Event: 3.984 Loading class java/util/stream/SortedOps$AbstractRefSortingSink done
Event: 3.984 Loading class java/util/stream/SortedOps$SizedRefSortingSink done

Classes unloaded (0 events):
No events

Classes redefined (0 events):
No events

Internal exceptions (20 events):
Event: 1.478 Thread 0x00000253884a45d0 Exception <a 'java/net/SocketException'{0x0000000088d5f4e8}: Socket is not connected: shutdown> (0x0000000088d5f4e8) 
thrown [s\open\src\hotspot\share\prims\jni.cpp, line 535]
Event: 1.525 Thread 0x00000253884a45d0 Exception <a 'java/net/ConnectException'{0x0000000088d60480}: Connection refused: no further information> (0x0000000088d60480) 
thrown [s\open\src\hotspot\share\prims\jni.cpp, line 535]
Event: 1.525 Thread 0x00000253884a45d0 Exception <a 'java/net/SocketException'{0x0000000088d607b8}: Socket is not connected: shutdown> (0x0000000088d607b8) 
thrown [s\open\src\hotspot\share\prims\jni.cpp, line 535]
Event: 1.589 Thread 0x00000253884a45d0 Exception <a 'java/net/ConnectException'{0x0000000088d61750}: Connection refused: no further information> (0x0000000088d61750) 
thrown [s\open\src\hotspot\share\prims\jni.cpp, line 535]
Event: 1.589 Thread 0x00000253884a45d0 Exception <a 'java/net/SocketException'{0x0000000088d61a88}: Socket is not connected: shutdown> (0x0000000088d61a88) 
thrown [s\open\src\hotspot\share\prims\jni.cpp, line 535]
Event: 1.714 Thread 0x00000253e5ee72d0 Exception <a 'java/lang/NoSuchMethodError'{0x0000000088c5ba20}: 'int java.lang.invoke.DirectMethodHandle$Holder.invokeVirtual(java.lang.Object, java.lang.Object)'> (0x0000000088c5ba20) 
thrown [s\open\src\hotspot\share\interpreter\linkResolver.cpp, line 759]
Event: 1.716 Thread 0x00000253e5ee72d0 Exception <a 'java/lang/NoSuchMethodError'{0x0000000088c62090}: 'double java.lang.invoke.DirectMethodHandle$Holder.invokeVirtual(java.lang.Object, java.lang.Object)'> (0x0000000088c62090) 
thrown [s\open\src\hotspot\share\interpreter\linkResolver.cpp, line 759]
Event: 1.717 Thread 0x00000253e5ee72d0 Exception <a 'java/lang/NoSuchMethodError'{0x0000000088c68c18}: 'float java.lang.invoke.DirectMethodHandle$Holder.invokeVirtual(java.lang.Object, java.lang.Object)'> (0x0000000088c68c18) 
thrown [s\open\src\hotspot\share\interpreter\linkResolver.cpp, line 759]
Event: 1.719 Thread 0x00000253e5ee72d0 Exception <a 'java/lang/NoSuchMethodError'{0x0000000088c72048}: 'long java.lang.invoke.DirectMethodHandle$Holder.invokeVirtual(java.lang.Object, java.lang.Object)'> (0x0000000088c72048) 
thrown [s\open\src\hotspot\share\interpreter\linkResolver.cpp, line 759]
Event: 1.727 Thread 0x00000253e5ee72d0 Exception <a 'java/lang/NoSuchMethodError'{0x0000000088c9d320}: 'void java.lang.invoke.DirectMethodHandle$Holder.invokeStatic(java.lang.Object, java.lang.Object, java.lang.Object)'> (0x0000000088c9d320) 
thrown [s\open\src\hotspot\share\interpreter\linkResolver.cpp, line 759]
Event: 1.728 Thread 0x00000253e5ee72d0 Exception <a 'java/lang/NoSuchMethodError'{0x0000000088ca3a08}: 'java.lang.Object java.lang.invoke.DirectMethodHandle$Holder.invokeVirtual(java.lang.Object, java.lang.Object, java.lang.Object)'> (0x0000000088ca3a08) 
thrown [s\open\src\hotspot\share\interpreter\linkResolver.cpp, line 759]
Event: 1.778 Thread 0x00000253e5ee72d0 Exception <a 'java/lang/NoSuchMethodError'{0x0000000088bb5e98}: 'void java.lang.invoke.DirectMethodHandle$Holder.invokeSpecial(java.lang.Object, java.lang.Object, java.lang.Object, java.lang.Object, java.lang.Object)'> (0x0000000088bb5e98) 
thrown [s\open\src\hotspot\share\interpreter\linkResolver.cpp, line 759]
Event: 1.780 Thread 0x00000253e5ee72d0 Exception <a 'java/lang/NoSuchMethodError'{0x0000000088bbcd38}: 'void java.lang.invoke.DirectMethodHandle$Holder.invokeStatic(java.lang.Object, java.lang.Object, int)'> (0x0000000088bbcd38) 
thrown [s\open\src\hotspot\share\interpreter\linkResolver.cpp, line 759]
Event: 1.808 Thread 0x00000253e5ee72d0 Exception <a 'java/lang/NoSuchMethodError'{0x0000000088a6abc0}: 'java.lang.Object java.lang.invoke.DirectMethodHandle$Holder.newInvokeSpecial(java.lang.Object, java.lang.Object, java.lang.Object, java.lang.Object, java.lang.Object)'> (0x0000000088a6abc0) 
thrown [s\open\src\hotspot\share\interpreter\linkResolver.cpp, line 759]
Event: 1.864 Thread 0x00000253e5ee72d0 Exception <a 'java/lang/NoSuchMethodError'{0x00000000889e0d00}: 'int java.lang.invoke.DirectMethodHandle$Holder.invokeSpecialIFC(java.lang.Object, java.lang.Object, java.lang.Object)'> (0x00000000889e0d00) 
thrown [s\open\src\hotspot\share\interpreter\linkResolver.cpp, line 759]
Event: 1.882 Thread 0x00000253e5ee72d0 Exception <a 'java/lang/NoSuchMethodError'{0x000000008884b300}: 'java.lang.Object java.lang.invoke.Invokers$Holder.invokeExact_MT(java.lang.Object, java.lang.Object, java.lang.Object, java.lang.Object, java.lang.Object, java.lang.Object)'> (0x000000008884b300) 
thrown [s\open\src\hotspot\share\interpreter\linkResolver.cpp, line 759]
Event: 1.947 Thread 0x00000253e5ee72d0 Exception <a 'java/lang/NoSuchMethodError'{0x00000000887a3940}: 'void java.lang.invoke.DirectMethodHandle$Holder.invokeStatic(java.lang.Object, java.lang.Object, java.lang.Object, java.lang.Object)'> (0x00000000887a3940) 
thrown [s\open\src\hotspot\share\interpreter\linkResolver.cpp, line 759]
Event: 2.004 Thread 0x00000253e5ee72d0 Exception <a 'java/lang/NoSuchMethodError'{0x000000008854e5b8}: 'void java.lang.invoke.DirectMethodHandle$Holder.invokeSpecial(java.lang.Object, java.lang.Object, java.lang.Object, java.lang.Object, java.lang.Object, java.lang.Object)'> (0x000000008854e5b8) 
thrown [s\open\src\hotspot\share\interpreter\linkResolver.cpp, line 759]
Event: 3.718 Thread 0x00000253e5ee72d0 Exception <a 'java/lang/NoSuchMethodError'{0x0000000089128de8}: 'java.lang.Object java.lang.invoke.DirectMethodHandle$Holder.invokeSpecialIFC(java.lang.Object, java.lang.Object, java.lang.Object)'> (0x0000000089128de8) 
thrown [s\open\src\hotspot\share\interpreter\linkResolver.cpp, line 759]
Event: 3.779 Thread 0x00000253e5ee72d0 Exception <a 'java/lang/ClassNotFoundException'{0x00000000891ece10}: sun/util/logging/resources/spi/loggingProvider> (0x00000000891ece10) 
thrown [s\open\src\hotspot\share\classfile\systemDictionary.cpp, line 255]

VM Operations (20 events):
Event: 0.516 Executing VM operation: HandshakeAllThreads
Event: 0.516 Executing VM operation: HandshakeAllThreads done
Event: 0.590 Executing VM operation: HandshakeAllThreads
Event: 0.590 Executing VM operation: HandshakeAllThreads done
Event: 0.625 Executing VM operation: HandshakeAllThreads
Event: 0.625 Executing VM operation: HandshakeAllThreads done
Event: 0.755 Executing VM operation: HandshakeAllThreads
Event: 0.755 Executing VM operation: HandshakeAllThreads done
Event: 1.129 Executing VM operation: G1CollectForAllocation
Event: 1.141 Executing VM operation: G1CollectForAllocation done
Event: 1.687 Executing VM operation: HandshakeAllThreads
Event: 1.688 Executing VM operation: HandshakeAllThreads done
Event: 1.690 Executing VM operation: HandshakeAllThreads
Event: 1.690 Executing VM operation: HandshakeAllThreads done
Event: 2.143 Executing VM operation: G1CollectForAllocation
Event: 2.153 Executing VM operation: G1CollectForAllocation done
Event: 3.160 Executing VM operation: Cleanup
Event: 3.160 Executing VM operation: Cleanup done
Event: 3.749 Executing VM operation: HandshakeAllThreads
Event: 3.749 Executing VM operation: HandshakeAllThreads done

Events (20 events):
Event: 0.521 Thread 0x00000253884a5440 Thread added: 0x00000253884a5440
Event: 0.600 Thread 0x00000253889fe040 Thread added: 0x00000253889fe040
Event: 0.612 Loaded shared library C:\Program Files\Java\jdk-18.0.2\bin\verify.dll
Event: 0.668 Loaded shared library C:\Program Files\Java\jdk-18.0.2\bin\management.dll
Event: 0.670 Loaded shared library C:\Program Files\Java\jdk-18.0.2\bin\management_ext.dll
Event: 0.727 Thread 0x00000253884a3c30 Thread added: 0x00000253884a3c30
Event: 1.015 Thread 0x000002538955b380 Thread added: 0x000002538955b380
Event: 1.257 Loaded shared library C:\Program Files\Java\jdk-18.0.2\bin\sunmscapi.dll
Event: 1.432 Thread 0x00000253884a4100 Thread added: 0x00000253884a4100
Event: 1.434 Thread 0x00000253884a6780 Thread added: 0x00000253884a6780
Event: 1.434 Thread 0x00000253884a3760 Thread added: 0x00000253884a3760
Event: 1.437 Thread 0x00000253884a45d0 Thread added: 0x00000253884a45d0
Event: 1.444 Thread 0x00000253884a62b0 Thread added: 0x00000253884a62b0
Event: 1.444 Thread 0x00000253884a4aa0 Thread added: 0x00000253884a4aa0
Event: 1.571 Thread 0x000002538955b380 Thread exited: 0x000002538955b380
Event: 1.571 Thread 0x00000253889fe040 Thread exited: 0x00000253889fe040
Event: 1.690 Thread 0x00000253884a6c50 Thread added: 0x00000253884a6c50
Event: 2.123 Thread 0x00000253884a4f70 Thread added: 0x00000253884a4f70
Event: 3.861 Thread 0x00000253884a7120 Thread added: 0x00000253884a7120
Event: 3.895 Thread 0x0000025389982ca0 Thread added: 0x0000025389982ca0


Dynamic libraries:
0x00007ff683cc0000 - 0x00007ff683cd0000 	C:\Program Files\Java\jdk-18.0.2\bin\javaw.exe
0x00007ffad0770000 - 0x00007ffad0968000 	C:\Windows\SYSTEM32\ntdll.dll
0x00007ffacf3a0000 - 0x00007ffacf45f000 	C:\Windows\System32\KERNEL32.DLL
0x00007fface310000 - 0x00007fface5e2000 	C:\Windows\System32\KERNELBASE.dll
0x00007fface010000 - 0x00007fface110000 	C:\Windows\System32\ucrtbase.dll
0x00007ffab9b00000 - 0x00007ffab9b1a000 	C:\Program Files\Java\jdk-18.0.2\bin\VCRUNTIME140.dll
0x00007ffab9ac0000 - 0x00007ffab9ad8000 	C:\Program Files\Java\jdk-18.0.2\bin\jli.dll
0x00007ffacea20000 - 0x00007ffaceace000 	C:\Windows\System32\ADVAPI32.dll
0x00007ffacf990000 - 0x00007ffacfa2e000 	C:\Windows\System32\msvcrt.dll
0x00007ffad0690000 - 0x00007ffad072c000 	C:\Windows\System32\sechost.dll
0x00007ffacfa60000 - 0x00007ffacfb85000 	C:\Windows\System32\RPCRT4.dll
0x00007fface7c0000 - 0x00007fface95d000 	C:\Windows\System32\USER32.dll
0x00007fface5f0000 - 0x00007fface612000 	C:\Windows\System32\win32u.dll
0x00007ffab6f10000 - 0x00007ffab71aa000 	C:\Windows\WinSxS\amd64_microsoft.windows.common-controls_6595b64144ccf1df_6.0.19041.1110_none_60b5254171f9507e\COMCTL32.dll
0x00007ffacfa30000 - 0x00007ffacfa5b000 	C:\Windows\System32\GDI32.dll
0x00007ffacdf00000 - 0x00007fface00f000 	C:\Windows\System32\gdi32full.dll
0x00007fface270000 - 0x00007fface30d000 	C:\Windows\System32\msvcp_win.dll
0x00007ffac7a60000 - 0x00007ffac7a6a000 	C:\Windows\SYSTEM32\VERSION.dll
0x00007ffacf480000 - 0x00007ffacf4b2000 	C:\Windows\System32\IMM32.DLL
0x00007ffac8380000 - 0x00007ffac838c000 	C:\Program Files\Java\jdk-18.0.2\bin\vcruntime140_1.dll
0x00007ffab6610000 - 0x00007ffab669d000 	C:\Program Files\Java\jdk-18.0.2\bin\msvcp140.dll
0x00007ffa9d2a0000 - 0x00007ffa9deb1000 	C:\Program Files\Java\jdk-18.0.2\bin\server\jvm.dll
0x00007ffacf980000 - 0x00007ffacf988000 	C:\Windows\System32\PSAPI.DLL
0x00007ffac05f0000 - 0x00007ffac0617000 	C:\Windows\SYSTEM32\WINMM.dll
0x00007ffac5f70000 - 0x00007ffac5f79000 	C:\Windows\SYSTEM32\WSOCK32.dll
0x00007ffacf330000 - 0x00007ffacf39b000 	C:\Windows\System32\WS2_32.dll
0x00007ffacbf10000 - 0x00007ffacbf22000 	C:\Windows\SYSTEM32\kernel.appcore.dll
0x00007ffac57e0000 - 0x00007ffac57ea000 	C:\Program Files\Java\jdk-18.0.2\bin\jimage.dll
0x00007ffacbc30000 - 0x00007ffacbe14000 	C:\Windows\SYSTEM32\DBGHELP.DLL
0x00007ffac89d0000 - 0x00007ffac89fc000 	C:\Windows\SYSTEM32\dbgcore.DLL
0x00007ffacde70000 - 0x00007ffacdef2000 	C:\Windows\System32\bcryptPrimitives.dll
0x00007ffab1030000 - 0x00007ffab1055000 	C:\Program Files\Java\jdk-18.0.2\bin\java.dll
0x00007ffaae810000 - 0x00007ffaae8e6000 	C:\Program Files\Java\jdk-18.0.2\bin\jsvml.dll
0x00007ffacfe90000 - 0x00007ffad05d3000 	C:\Windows\System32\SHELL32.dll
0x00007ffacc020000 - 0x00007ffacc7b2000 	C:\Windows\SYSTEM32\windows.storage.dll
0x00007ffacf4d0000 - 0x00007ffacf824000 	C:\Windows\System32\combase.dll
0x00007ffacd8d0000 - 0x00007ffacd900000 	C:\Windows\SYSTEM32\Wldp.dll
0x00007ffacec00000 - 0x00007ffacecad000 	C:\Windows\System32\SHCORE.dll
0x00007fface9c0000 - 0x00007ffacea15000 	C:\Windows\System32\shlwapi.dll
0x00007ffacddb0000 - 0x00007ffacddcf000 	C:\Windows\SYSTEM32\profapi.dll
0x00007ffab63b0000 - 0x00007ffab63c3000 	C:\Program Files\Java\jdk-18.0.2\bin\net.dll
0x00007ffac3d90000 - 0x00007ffac3e9c000 	C:\Windows\SYSTEM32\WINHTTP.dll
0x00007ffacd630000 - 0x00007ffacd69a000 	C:\Windows\system32\mswsock.dll
0x00007ffab0900000 - 0x00007ffab0916000 	C:\Program Files\Java\jdk-18.0.2\bin\nio.dll
0x00007ffab08e0000 - 0x00007ffab08f8000 	C:\Program Files\Java\jdk-18.0.2\bin\zip.dll
0x00007ffacd320000 - 0x00007ffacd3ea000 	C:\Windows\SYSTEM32\DNSAPI.dll
0x00007ffacd2d0000 - 0x00007ffacd30b000 	C:\Windows\SYSTEM32\IPHLPAPI.DLL
0x00007ffacf890000 - 0x00007ffacf898000 	C:\Windows\System32\NSI.dll
0x00007ffac3cb0000 - 0x00007ffac3cba000 	C:\Windows\System32\rasadhlp.dll
0x00007ffac42b0000 - 0x00007ffac4330000 	C:\Windows\System32\fwpuclnt.dll
0x00007fface620000 - 0x00007fface647000 	C:\Windows\System32\bcrypt.dll
0x00007ffaba280000 - 0x00007ffaba290000 	C:\Program Files\Java\jdk-18.0.2\bin\verify.dll
0x00007ffab9be0000 - 0x00007ffab9be9000 	C:\Program Files\Java\jdk-18.0.2\bin\management.dll
0x00007ffab9bd0000 - 0x00007ffab9bdb000 	C:\Program Files\Java\jdk-18.0.2\bin\management_ext.dll
0x00007ffacd830000 - 0x00007ffacd848000 	C:\Windows\SYSTEM32\CRYPTSP.dll
0x00007ffaccee0000 - 0x00007ffaccf14000 	C:\Windows\system32\rsaenh.dll
0x00007ffacdd70000 - 0x00007ffacdd9e000 	C:\Windows\SYSTEM32\USERENV.dll
0x00007ffacd820000 - 0x00007ffacd82c000 	C:\Windows\SYSTEM32\CRYPTBASE.dll
0x00007ffac8420000 - 0x00007ffac8437000 	C:\Windows\SYSTEM32\dhcpcsvc6.DLL
0x00007ffac8400000 - 0x00007ffac841d000 	C:\Windows\SYSTEM32\dhcpcsvc.DLL
0x00007ffab9b40000 - 0x00007ffab9b4e000 	C:\Program Files\Java\jdk-18.0.2\bin\sunmscapi.dll
0x00007fface110000 - 0x00007fface266000 	C:\Windows\System32\CRYPT32.dll
0x00007ffacd940000 - 0x00007ffacd967000 	C:\Windows\SYSTEM32\ncrypt.dll
0x00007ffacd900000 - 0x00007ffacd93b000 	C:\Windows\SYSTEM32\NTASN1.dll
0x00007ffab0630000 - 0x00007ffab0647000 	C:\Windows\system32\napinsp.dll
0x00007ffab0610000 - 0x00007ffab062b000 	C:\Windows\system32\pnrpnsp.dll
0x00007ffac83e0000 - 0x00007ffac83f5000 	C:\Windows\system32\wshbth.dll
0x00007ffac7c50000 - 0x00007ffac7c6d000 	C:\Windows\system32\NLAapi.dll
0x00007ffab05a0000 - 0x00007ffab05b2000 	C:\Windows\System32\winrnr.dll

dbghelp: loaded successfully - version: 4.0.5 - missing functions: none
symbol engine: initialized successfully - sym options: 0x614 - pdb path: .;C:\Program Files\Java\jdk-18.0.2\bin;C:\Windows\SYSTEM32;C:\Windows\WinSxS\amd64_microsoft.windows.common-controls_6595b64144ccf1df_6.0.19041.1110_none_60b5254171f9507e;C:\Program Files\Java\jdk-18.0.2\bin\server

VM Arguments:
jvm_args: -Dfile.encoding=UTF-8 -XX:+ShowCodeDetailsInExceptionMessages 
java_command: com.section2.KeysClass
java_class_path (initial): C:\Users\Lenovo\eclipse-workspace\Automation-Practice\bin;D:\Anchu\selenium\selenium-java-4.4.0\selenium-api-4.4.0.jar;D:\Anchu\selenium\selenium-java-4.4.0\selenium-api-4.4.0-sources.jar;D:\Anchu\selenium\selenium-java-4.4.0\selenium-chrome-driver-4.4.0.jar;D:\Anchu\selenium\selenium-java-4.4.0\selenium-chrome-driver-4.4.0-sources.jar;D:\Anchu\selenium\selenium-java-4.4.0\selenium-chromium-driver-4.4.0.jar;D:\Anchu\selenium\selenium-java-4.4.0\selenium-chromium-driver-4.4.0-sources.jar;D:\Anchu\selenium\selenium-java-4.4.0\selenium-devtools-v85-4.4.0.jar;D:\Anchu\selenium\selenium-java-4.4.0\selenium-devtools-v85-4.4.0-sources.jar;D:\Anchu\selenium\selenium-java-4.4.0\selenium-devtools-v102-4.4.0.jar;D:\Anchu\selenium\selenium-java-4.4.0\selenium-devtools-v102-4.4.0-sources.jar;D:\Anchu\selenium\selenium-java-4.4.0\selenium-devtools-v103-4.4.0.jar;D:\Anchu\selenium\selenium-java-4.4.0\selenium-devtools-v103-4.4.0-sources.jar;D:\Anchu\selenium\selenium-java-4.4.0\selenium-devtools-v104-4.4.0.jar;D:\Anchu\selenium\selenium-java-4.4.0\selenium-devtools-v104-4.4.0-sources.jar;D:\Anchu\selenium\selenium-java-4.4.0\selenium-edge-driver-4.4.0.jar;D:\Anchu\selenium\selenium-java-4.4.0\selenium-edge-driver-4.4.0-sources.jar;D:\Anchu\selenium\selenium-java-4.4.0\selenium-firefox-driver-4.4.0.jar;D:\Anchu\selenium\selenium-java-4.4.0\selenium-firefox-driver-4.4.0-sources.jar;D:\Anchu\selenium\selenium-java-4.4.0\selenium-http-4.4.0.jar;D:\Anchu\selenium\selenium-java-4.4.0\selenium-http-4.4.0-sources.jar;D:\Anchu\selenium\selenium-java-4.4.0\selenium-ie-driver-4.4.0.jar;D:\Anchu\selenium\selenium-java-4.4.0\selenium-ie-driver-4.4.0-sources.jar;D:\Anchu\selenium\selenium-java-4.4.0\selenium-java-4.4.0.jar;D:\Anchu\selenium\selenium-java-4.4.0\selenium-java-4.4.0-sources.jar;D:\Anchu\selenium\selenium-java-4.4.0\selenium-json-4.4.0.jar;D:\Anchu\selenium\selenium-java-4.4.0\selenium-json-4.4.0-sources.jar;D:\Anchu\selenium\selenium-java-4.4.0\selenium-opera-driver-4.4.0.jar;D:\Anchu\selenium\selenium-java-4.4.0\selenium-opera-driver-4.4.0-sources.jar;D:\Anchu\selenium\selenium-java-4.4.0\selenium-remote-driver-4.4.0.jar;D:\Anchu\selenium\selenium-java-4.4.0\selenium-remote-driver-4.4.0-sources.jar;D:\Anchu\selenium\selenium-java-4.4.0\selenium-safari-driver-4.4.0.jar;D:\Anchu\selenium\selenium-java-4.4.0\selenium-safari-driver-4.4.0-sources.jar;D:\Anchu\selenium\selenium-java-4.4.0\selenium-support-4.4.0.jar;D:\Anchu\selenium\selenium-java-4.4.0\selenium-support-4.4.0-sources.jar;D:\Anchu\selenium\selenium-java-4.4.0\lib\async-http-client-2.12.3.jar;D:\Anchu\selenium\selenium-java-4.4.0\lib\async-http-client-netty-utils-2.12.3.jar;D:\Anchu\selenium\selenium-java-4.4.0\lib\auto-common-1.2.1.jar;D:\Anchu\selenium\selenium-java-4.4.0\lib\auto-service-1.0.1.jar;D:\Anchu\selenium\selenium-java-4.4.0\lib\auto-service-annotations-1.0.1.jar;D:\Anchu\selenium\selenium-java-4.4.0\lib\byte-buddy-1.12.10.jar;D:\Anchu\selenium\selenium-java-4.4.0\lib\checker-qual-3.12.0.jar;D:\Anchu\selenium\selenium-java-4.4.0\lib\commons-exec-1.3.jar;D:\Anchu\selenium\selenium-java-4.4.0\lib\error_prone_annotations-2.11.0.jar;D:\Anchu\selenium\selenium-java-4.4.0\lib\failsafe-3.2.4.jar;D:\Anchu\selenium\selenium-java-4.4.0\lib\failureaccess-1.0.1.jar;D:\Anchu\selenium\selenium-java-4.4.0\lib\guava-31.1-jre.jar;D:\Anchu\selenium\selenium-java-4.4.0\lib\j2objc-annotations-1.3.jar;D:\Anchu\selenium\selenium-java-4.4.0\lib\jakarta.activation-1.2.2.jar;D:\Anchu\selenium\selenium-java-4.4.0\lib\jcommander-1.82.jar;D:\Anchu\selenium\selenium-java-4.4.0\lib\jsr305-3.0.2.jar;D:\Anchu\selenium\selenium-java-4.4.0\lib\jtoml-2.0.0.jar;D:\Anchu\selenium\selenium-java-4.4.0\lib\listenablefuture-9999.0-empty-to-avoid-conflict-with-guava.jar;D:\Anchu\selenium\selenium-java-4.4.0\lib\netty-buffer-4.1.78.Final.jar;D:\Anchu\selenium\selenium-java-4.4.0\lib\netty-codec-4.1.78.Final.jar;D:\Anchu\selenium\selenium-java-4.4.0\lib\netty-codec-http-4.1.78.Final.jar;D:\Anchu\selenium\selenium-java-4.4.0\lib\netty-codec-socks-4.1.78.Final.jar;D:\Anchu\selenium\selenium-java-4.4.0\lib\netty-common-4.1.78.Final.jar;D:\Anchu\selenium\selenium-java-4.4.0\lib\netty-handler-4.1.78.Final.jar;D:\Anchu\selenium\selenium-java-4.4.0\lib\netty-handler-proxy-4.1.78.Final.jar;D:\Anchu\selenium\selenium-java-4.4.0\lib\netty-reactive-streams-2.0.4.jar;D:\Anchu\selenium\selenium-java-4.4.0\lib\netty-resolver-4.1.78.Final.jar;D:\Anchu\selenium\selenium-java-4.4.0\lib\netty-transport-4.1.78.Final.jar;D:\Anchu\selenium\selenium-java-4.4.0\lib\netty-transport-classes-epoll-4.1.78.Final.jar;D:\Anchu\selenium\selenium-java-4.4.0\lib\netty-transport-classes-kqueue-4.1.78.Final.jar;D:\Anchu\selenium\selenium-java-4.4.0\lib\netty-transport-native-epoll-4.1.78.Final.jar;D:\Anchu\selenium\selenium-java-4.4.0\lib\netty-transport-native-kqueue-4.1.78.Final.jar;D:\Anchu\selenium\selenium-java-4.4.0\lib\netty-transport-native-unix-common-4.1.78.Final.jar;D:\Anchu\selenium\selenium-java-4.4.0\lib\opentelemetry-api-1.16.0.jar;D:\Anchu\selenium\selenium-java-4.4.0\lib\opentelemetry-context-1.16.0.jar;D:\Anchu\selenium\selenium-java-4.4.0\lib\opentelemetry-exporter-logging-1.16.0.jar;D:\Anchu\selenium\selenium-java-4.4.0\lib\opentelemetry-sdk-1.16.0.jar;D:\Anchu\selenium\selenium-java-4.4.0\lib\opentelemetry-sdk-common-1.16.0.jar;D:\Anchu\selenium\selenium-java-4.4.0\lib\opentelemetry-sdk-extension-autoconfigure-1.16.0-alpha.jar;D:\Anchu\selenium\selenium-java-4.4.0\lib\opentelemetry-sdk-extension-autoconfigure-spi-1.16.0.jar;D:\Anchu\selenium\selenium-java-4.4.0\lib\opentelemetry-sdk-logs-1.16.0-alpha.jar;D:\Anchu\selenium\selenium-java-4.4.0\lib\opentelemetry-sdk-metrics-1.16.0.jar;D:\Anchu\selenium\selenium-java-4.4.0\lib\opentelemetry-sdk-trace-1.16.0.jar;D:\Anchu\selenium\selenium-java-4.4.0\lib\opentelemetry-semconv-1.16.0-alpha.jar;D:\Anchu\selenium\selenium-java-4.4.0\lib\reactive-streams-1.0.4.jar;D:\Anchu\selenium\selenium-java-4.4.0\lib\slf4j-api-1.7.36.jar
Launcher Type: SUN_STANDARD

[Global flags]
     intx CICompilerCount                          = 4                                         {product} {ergonomic}
     uint ConcGCThreads                            = 2                                         {product} {ergonomic}
     uint G1ConcRefinementThreads                  = 8                                         {product} {ergonomic}
   size_t G1HeapRegionSize                         = 1048576                                   {product} {ergonomic}
    uintx GCDrainStackTargetSize                   = 64                                        {product} {ergonomic}
   size_t InitialHeapSize                          = 134217728                                 {product} {ergonomic}
   size_t MarkStackSize                            = 4194304                                   {product} {ergonomic}
   size_t MaxHeapSize                              = 2124414976                                {product} {ergonomic}
   size_t MaxNewSize                               = 1274019840                                {product} {ergonomic}
   size_t MinHeapDeltaBytes                        = 1048576                                   {product} {ergonomic}
   size_t MinHeapSize                              = 8388608                                   {product} {ergonomic}
    uintx NonNMethodCodeHeapSize                   = 5839372                                {pd product} {ergonomic}
    uintx NonProfiledCodeHeapSize                  = 122909434                              {pd product} {ergonomic}
    uintx ProfiledCodeHeapSize                     = 122909434                              {pd product} {ergonomic}
    uintx ReservedCodeCacheSize                    = 251658240                              {pd product} {ergonomic}
     bool SegmentedCodeCache                       = true                                      {product} {ergonomic}
     bool ShowCodeDetailsInExceptionMessages       = true                                   {manageable} {command line}
   size_t SoftMaxHeapSize                          = 2124414976                             {manageable} {ergonomic}
     bool UseCompressedClassPointers               = true                           {product lp64_product} {ergonomic}
     bool UseCompressedOops                        = true                           {product lp64_product} {ergonomic}
     bool UseG1GC                                  = true                                      {product} {ergonomic}
     bool UseLargePagesIndividualAllocation        = false                                  {pd product} {ergonomic}

Logging:
Log output configuration:
 #0: stdout all=warning uptime,level,tags foldmultilines=false
 #1: stderr all=off uptime,level,tags foldmultilines=false

Environment Variables:
PATH=C:\Program Files\Common Files\Oracle\Java\javapath;C:\oracle\product\10.2.0\db_7\bin;C:\oracle\product\10.2.0\db_1\bin;C:\Windows\system32;C:\Windows;C:\Windows\System32\Wbem;C:\Windows\System32\WindowsPowerShell\v1.0\;C:\Windows\System32\OpenSSH\;C:\Users\Lenovo\AppData\Local\Microsoft\WindowsApps;
USERNAME=Lenovo
OS=Windows_NT
PROCESSOR_IDENTIFIER=Intel64 Family 6 Model 158 Stepping 13, GenuineIntel



---------------  S Y S T E M  ---------------

OS:
 Windows 10 , 64 bit Build 19041 (10.0.19041.2251)
OS uptime: 0 days 4:18 hours

CPU: total 8 (initial active 8) (4 cores per cpu, 2 threads per core) family 6 model 158 stepping 13 microcode 0xec, cx8, cmov, fxsr, ht, mmx, 3dnowpref, sse, sse2, sse3, ssse3, sse4.1, sse4.2, popcnt, lzcnt, tsc, tscinvbit, avx, avx2, aes, erms, clmul, bmi1, bmi2, adx, fma, vzeroupper, clflush, clflushopt

Memory: 4k page, system-wide physical 8103M (2072M free)
TotalPageFile size 10011M (AvailPageFile size 6M)
current process WorkingSet (physical memory assigned to process): 125M, peak: 125M
current process commit charge ("private bytes"): 261M, peak: 262M

vm_info: Java HotSpot(TM) 64-Bit Server VM (18.0.2+9-61) for windows-amd64 JRE (18.0.2+9-61), built on Jun  7 2022 13:09:01 by "mach5one" with MS VC++ 16.8 / 16.9 (VS2019)

END.
