#
# There is insufficient memory for the Java Runtime Environment to continue.
# Native memory allocation (mmap) failed to map 65536 bytes for Failed to commit metaspace.
# Possible reasons:
#   The system is out of physical RAM or swap space
#   The process is running with CompressedOops enabled, and the Java Heap may be blocking the growth of the native heap
# Possible solutions:
#   Reduce memory load on the system
#   Increase physical memory or swap space
#   Check if swap backing store is full
#   Decrease Java heap size (-Xmx/-Xms)
#   Decrease number of Java threads
#   Decrease Java thread stack sizes (-Xss)
#   Set larger code cache with -XX:ReservedCodeCacheSize=
#   JVM is running with Unscaled Compressed Oops mode in which the Java heap is
#     placed in the first 4GB address space. The Java Heap base address is the
#     maximum limit for the native heap growth. Please use -XX:HeapBaseMinAddress
#     to set the Java Heap base and to place the Java Heap above 4GB virtual address.
# This output file may be truncated or incomplete.
#
#  Out of Memory Error (virtualSpaceNode.cpp:110), pid=10388, tid=5972
#
# JRE version: Java(TM) SE Runtime Environment (18.0.2+9) (build 18.0.2+9-61)
# Java VM: Java HotSpot(TM) 64-Bit Server VM (18.0.2+9-61, mixed mode, sharing, tiered, compressed oops, compressed class ptrs, g1 gc, windows-amd64)
# No core dump will be written. Minidumps are not enabled by default on client versions of Windows
#

---------------  S U M M A R Y ------------

Command Line: -Dfile.encoding=UTF-8 -XX:+ShowCodeDetailsInExceptionMessages com.section1.OpenApplication

Host: Intel(R) Core(TM) i5-9300HF CPU @ 2.40GHz, 8 cores, 7G,  Windows 10 , 64 bit Build 19041 (10.0.19041.2251)
Time: Sat Nov 12 13:36:56 2022 India Standard Time elapsed time: 0.354552 seconds (0d 0h 0m 0s)

---------------  T H R E A D  ---------------

Current thread (0x0000020736de8320):  JavaThread "main" [_thread_in_vm, id=5972, stack(0x0000006d76300000,0x0000006d76400000)]

Stack: [0x0000006d76300000,0x0000006d76400000]
Native frames: (J=compiled Java code, j=interpreted, Vv=VM code, C=native code)
V  [jvm.dll+0x6993ca]
V  [jvm.dll+0x7f481d]
V  [jvm.dll+0x7f612e]
V  [jvm.dll+0x7f67e3]
V  [jvm.dll+0x25cdaf]
V  [jvm.dll+0x7f052b]
V  [jvm.dll+0x63f546]
V  [jvm.dll+0x63f5aa]
V  [jvm.dll+0x641e2e]
V  [jvm.dll+0x641cee]
V  [jvm.dll+0x63ff0e]
V  [jvm.dll+0x1f910f]
V  [jvm.dll+0x202a30]
V  [jvm.dll+0x202ce5]
V  [jvm.dll+0x20371f]
V  [jvm.dll+0x1f8bb1]
V  [jvm.dll+0x55dc05]
V  [jvm.dll+0x209a67]
V  [jvm.dll+0x76dddd]
V  [jvm.dll+0x76f116]
V  [jvm.dll+0x43441a]
C  [java.dll+0x1a55]

Java frames: (J=compiled Java code, j=interpreted, Vv=VM code)
J 619  java.lang.ClassLoader.findBootstrapClass(Ljava/lang/String;)Ljava/lang/Class; java.base@18.0.2 (0 bytes) @ 0x000002074622077a [0x0000020746220720+0x000000000000005a]
J 621 c1 jdk.internal.loader.ClassLoaders$BootClassLoader.loadClassOrNull(Ljava/lang/String;Z)Ljava/lang/Class; java.base@18.0.2 (10 bytes) @ 0x000002073edd15cc [0x000002073edd1460+0x000000000000016c]
J 448 c1 jdk.internal.loader.BuiltinClassLoader.loadClassOrNull(Ljava/lang/String;Z)Ljava/lang/Class; java.base@18.0.2 (143 bytes) @ 0x000002073ed5a524 [0x000002073ed59ec0+0x0000000000000664]
J 503 c1 jdk.internal.loader.ClassLoaders$AppClassLoader.loadClass(Ljava/lang/String;Z)Ljava/lang/Class; java.base@18.0.2 (40 bytes) @ 0x000002073ed7fec4 [0x000002073ed7fce0+0x00000000000001e4]
J 496 c1 java.lang.ClassLoader.loadClass(Ljava/lang/String;)Ljava/lang/Class; java.base@18.0.2 (7 bytes) @ 0x000002073ed76ccc [0x000002073ed76bc0+0x000000000000010c]
v  ~StubRoutines::call_stub
j  io.netty.util.internal.PlatformDependent0$1.run()Ljava/lang/Object;+0
j  java.security.AccessController.executePrivileged(Ljava/security/PrivilegedAction;Ljava/security/AccessControlContext;Ljava/lang/Class;)Ljava/lang/Object;+29 java.base@18.0.2
j  java.security.AccessController.doPrivileged(Ljava/security/PrivilegedAction;)Ljava/lang/Object;+5 java.base@18.0.2
j  io.netty.util.internal.PlatformDependent0.<clinit>()V+102
v  ~StubRoutines::call_stub
j  io.netty.util.internal.PlatformDependent.isAndroid()Z+0
j  io.netty.util.internal.PlatformDependent.<clinit>()V+33
v  ~StubRoutines::call_stub
j  io.netty.util.HashedWheelTimer.<init>(Ljava/util/concurrent/ThreadFactory;JLjava/util/concurrent/TimeUnit;IZJLjava/util/concurrent/Executor;)V+30
j  io.netty.util.HashedWheelTimer.<init>(Ljava/util/concurrent/ThreadFactory;JLjava/util/concurrent/TimeUnit;IZJ)V+14
j  io.netty.util.HashedWheelTimer.<init>(Ljava/util/concurrent/ThreadFactory;JLjava/util/concurrent/TimeUnit;IZ)V+12
j  io.netty.util.HashedWheelTimer.<init>(Ljava/util/concurrent/ThreadFactory;JLjava/util/concurrent/TimeUnit;I)V+8
j  org.asynchttpclient.DefaultAsyncHttpClient.newNettyTimer(Lorg/asynchttpclient/AsyncHttpClientConfig;)Lio/netty/util/Timer;+70
j  org.asynchttpclient.DefaultAsyncHttpClient.<init>(Lorg/asynchttpclient/AsyncHttpClientConfig;)V+64
j  org.asynchttpclient.Dsl.asyncHttpClient(Lorg/asynchttpclient/DefaultAsyncHttpClientConfig$Builder;)Lorg/asynchttpclient/AsyncHttpClient;+8
j  org.openqa.selenium.remote.http.netty.NettyClient.createHttpClient(Lorg/openqa/selenium/remote/http/ClientConfig;)Lorg/asynchttpclient/AsyncHttpClient;+101
j  org.openqa.selenium.remote.http.netty.NettyClient.<clinit>()V+3
v  ~StubRoutines::call_stub
j  org.openqa.selenium.remote.http.netty.NettyClient$Factory.createClient(Lorg/openqa/selenium/remote/http/ClientConfig;)Lorg/openqa/selenium/remote/http/HttpClient;+38
j  org.openqa.selenium.remote.HttpCommandExecutor.<init>(Ljava/util/Map;Lorg/openqa/selenium/remote/http/ClientConfig;Lorg/openqa/selenium/remote/http/HttpClient$Factory;)V+59
j  org.openqa.selenium.remote.HttpCommandExecutor.<init>(Ljava/util/Map;Ljava/net/URL;Lorg/openqa/selenium/remote/http/HttpClient$Factory;)V+18
j  org.openqa.selenium.remote.HttpCommandExecutor.<init>(Ljava/util/Map;Ljava/net/URL;)V+22
j  org.openqa.selenium.remote.service.DriverCommandExecutor.<init>(Lorg/openqa/selenium/remote/service/DriverService;Ljava/util/Map;)V+6
j  org.openqa.selenium.chromium.ChromiumDriverCommandExecutor.<init>(Lorg/openqa/selenium/remote/service/DriverService;Ljava/util/Map;)V+6
j  org.openqa.selenium.chrome.ChromeDriver$ChromeDriverCommandExecutor.<init>(Lorg/openqa/selenium/remote/service/DriverService;)V+5
j  org.openqa.selenium.chrome.ChromeDriver.<init>(Lorg/openqa/selenium/chrome/ChromeDriverService;Lorg/openqa/selenium/chrome/ChromeOptions;)V+6
j  org.openqa.selenium.chrome.ChromeDriver.<init>()V+11
j  com.section1.OpenApplication.main([Ljava/lang/String;)V+12
v  ~StubRoutines::call_stub

---------------  P R O C E S S  ---------------

Threads class SMR info:
_java_thread_list=0x00000207599cb800, length=14, elements={
0x0000020736de8320, 0x0000020754f824d0, 0x0000020754f837e0, 0x0000020754f9f200,
0x0000020754fa0ec0, 0x0000020754fa1f10, 0x0000020754fc75c0, 0x0000020754fc8940,
0x0000020754fcd240, 0x0000020754fd0b50, 0x00000207594bab40, 0x00000207594bb9b0,
0x00000207594ba1a0, 0x0000020759a172a0
}

Java Threads: ( => current thread )
=>0x0000020736de8320 JavaThread "main" [_thread_in_vm, id=5972, stack(0x0000006d76300000,0x0000006d76400000)]
  0x0000020754f824d0 JavaThread "Reference Handler" daemon [_thread_blocked, id=17804, stack(0x0000006d76a00000,0x0000006d76b00000)]
  0x0000020754f837e0 JavaThread "Finalizer" daemon [_thread_blocked, id=3916, stack(0x0000006d76b00000,0x0000006d76c00000)]
  0x0000020754f9f200 JavaThread "Signal Dispatcher" daemon [_thread_blocked, id=5996, stack(0x0000006d76c00000,0x0000006d76d00000)]
  0x0000020754fa0ec0 JavaThread "Attach Listener" daemon [_thread_blocked, id=18280, stack(0x0000006d76d00000,0x0000006d76e00000)]
  0x0000020754fa1f10 JavaThread "Service Thread" daemon [_thread_blocked, id=2396, stack(0x0000006d76e00000,0x0000006d76f00000)]
  0x0000020754fc75c0 JavaThread "Monitor Deflation Thread" daemon [_thread_blocked, id=88, stack(0x0000006d76f00000,0x0000006d77000000)]
  0x0000020754fc8940 JavaThread "C2 CompilerThread0" daemon [_thread_blocked, id=11372, stack(0x0000006d77000000,0x0000006d77100000)]
  0x0000020754fcd240 JavaThread "C1 CompilerThread0" daemon [_thread_blocked, id=11488, stack(0x0000006d77100000,0x0000006d77200000)]
  0x0000020754fd0b50 JavaThread "Sweeper thread" daemon [_thread_blocked, id=6616, stack(0x0000006d77200000,0x0000006d77300000)]
  0x00000207594bab40 JavaThread "Notification Thread" daemon [_thread_blocked, id=17064, stack(0x0000006d77300000,0x0000006d77400000)]
  0x00000207594bb9b0 JavaThread "Common-Cleaner" daemon [_thread_blocked, id=18212, stack(0x0000006d77500000,0x0000006d77600000)]
  0x00000207594ba1a0 JavaThread "ForkJoinPool.commonPool-worker-1" daemon [_thread_blocked, id=7296, stack(0x0000006d77600000,0x0000006d77700000)]
  0x0000020759a172a0 JavaThread "C2 CompilerThread1" daemon [_thread_blocked, id=15320, stack(0x0000006d77700000,0x0000006d77800000)]

Other Threads:
  0x0000020754f7ee20 VMThread "VM Thread" [stack: 0x0000006d76900000,0x0000006d76a00000] [id=15700]
  0x00000207594c2180 WatcherThread "VM Periodic Task Thread" [stack: 0x0000006d77400000,0x0000006d77500000] [id=8808]
  0x0000020736e48ba0 WorkerThread "GC Thread#0" [stack: 0x0000006d76400000,0x0000006d76500000] [id=10184]
  0x0000020736e5a730 ConcurrentGCThread "G1 Main Marker" [stack: 0x0000006d76500000,0x0000006d76600000] [id=9936]
  0x0000020736e5c7e0 WorkerThread "G1 Conc#0" [stack: 0x0000006d76600000,0x0000006d76700000] [id=15836]
  0x0000020736eac120 ConcurrentGCThread "G1 Refine#0" [stack: 0x0000006d76700000,0x0000006d76800000] [id=15516]
  0x0000020736eac940 ConcurrentGCThread "G1 Service" [stack: 0x0000006d76800000,0x0000006d76900000] [id=16228]

Threads with active compile tasks:

VM state: not at safepoint (normal execution)

VM Mutex/Monitor currently owned by a thread:  ([mutex/lock_event])
[0x0000020736de1200] Metaspace_lock - owner thread: 0x0000020736de8320

Heap address: 0x0000000081600000, size: 2026 MB, Compressed Oops mode: 32-bit

CDS archive(s) mapped at: [0x0000000800000000-0x0000000800ba0000-0x0000000800ba0000), size 12189696, SharedBaseAddress: 0x0000000800000000, ArchiveRelocationMode: 0.
Compressed class space mapped at: 0x0000000800c00000-0x0000000840c00000, reserved size: 1073741824
Narrow klass base: 0x0000000800000000, Narrow klass shift: 0, Narrow klass range: 0x100000000

GC Precious Log:
 CardTable entry size: 512
 Card Set container configuration: InlinePtr #cards 5 size 8 Array Of Cards #cards 12 size 40 Howl #buckets 4 coarsen threshold 1843 Howl Bitmap #cards 512 size 80 coarsen threshold 460 Card regions per heap region 1 cards per card region 2048
 CPUs: 8 total, 8 available
 Memory: 8103M
 Large Page Support: Disabled
 NUMA Support: Disabled
 Compressed Oops: Enabled (32-bit)
 Heap Region Size: 1M
 Heap Min Capacity: 8M
 Heap Initial Capacity: 128M
 Heap Max Capacity: 2026M
 Pre-touch: Disabled
 Parallel Workers: 8
 Concurrent Workers: 2
 Concurrent Refinement Workers: 8
 Periodic GC: Disabled

Heap:
 garbage-first heap   total 131072K, used 11264K [0x0000000081600000, 0x0000000100000000)
  region size 1024K, 13 young (13312K), 0 survivors (0K)
 Metaspace       used 3585K, committed 3712K, reserved 1114112K
  class space    used 420K, committed 512K, reserved 1048576K

Heap Regions: E=young(eden), S=young(survivor), O=old, HS=humongous(starts), HC=humongous(continues), CS=collection set, F=free, OA=open archive, CA=closed archive, TAMS=top-at-mark-start (previous, next)
|   0|0x0000000081600000, 0x0000000081600000, 0x0000000081700000|  0%| F|  |TAMS 0x0000000081600000, 0x0000000081600000| Untracked 
|   1|0x0000000081700000, 0x0000000081700000, 0x0000000081800000|  0%| F|  |TAMS 0x0000000081700000, 0x0000000081700000| Untracked 
|   2|0x0000000081800000, 0x0000000081800000, 0x0000000081900000|  0%| F|  |TAMS 0x0000000081800000, 0x0000000081800000| Untracked 
|   3|0x0000000081900000, 0x0000000081900000, 0x0000000081a00000|  0%| F|  |TAMS 0x0000000081900000, 0x0000000081900000| Untracked 
|   4|0x0000000081a00000, 0x0000000081a00000, 0x0000000081b00000|  0%| F|  |TAMS 0x0000000081a00000, 0x0000000081a00000| Untracked 
|   5|0x0000000081b00000, 0x0000000081b00000, 0x0000000081c00000|  0%| F|  |TAMS 0x0000000081b00000, 0x0000000081b00000| Untracked 
|   6|0x0000000081c00000, 0x0000000081c00000, 0x0000000081d00000|  0%| F|  |TAMS 0x0000000081c00000, 0x0000000081c00000| Untracked 
|   7|0x0000000081d00000, 0x0000000081d00000, 0x0000000081e00000|  0%| F|  |TAMS 0x0000000081d00000, 0x0000000081d00000| Untracked 
|   8|0x0000000081e00000, 0x0000000081e00000, 0x0000000081f00000|  0%| F|  |TAMS 0x0000000081e00000, 0x0000000081e00000| Untracked 
|   9|0x0000000081f00000, 0x0000000081f00000, 0x0000000082000000|  0%| F|  |TAMS 0x0000000081f00000, 0x0000000081f00000| Untracked 
|  10|0x0000000082000000, 0x0000000082000000, 0x0000000082100000|  0%| F|  |TAMS 0x0000000082000000, 0x0000000082000000| Untracked 
|  11|0x0000000082100000, 0x0000000082100000, 0x0000000082200000|  0%| F|  |TAMS 0x0000000082100000, 0x0000000082100000| Untracked 
|  12|0x0000000082200000, 0x0000000082200000, 0x0000000082300000|  0%| F|  |TAMS 0x0000000082200000, 0x0000000082200000| Untracked 
|  13|0x0000000082300000, 0x0000000082300000, 0x0000000082400000|  0%| F|  |TAMS 0x0000000082300000, 0x0000000082300000| Untracked 
|  14|0x0000000082400000, 0x0000000082400000, 0x0000000082500000|  0%| F|  |TAMS 0x0000000082400000, 0x0000000082400000| Untracked 
|  15|0x0000000082500000, 0x0000000082500000, 0x0000000082600000|  0%| F|  |TAMS 0x0000000082500000, 0x0000000082500000| Untracked 
|  16|0x0000000082600000, 0x0000000082600000, 0x0000000082700000|  0%| F|  |TAMS 0x0000000082600000, 0x0000000082600000| Untracked 
|  17|0x0000000082700000, 0x0000000082700000, 0x0000000082800000|  0%| F|  |TAMS 0x0000000082700000, 0x0000000082700000| Untracked 
|  18|0x0000000082800000, 0x0000000082800000, 0x0000000082900000|  0%| F|  |TAMS 0x0000000082800000, 0x0000000082800000| Untracked 
|  19|0x0000000082900000, 0x0000000082900000, 0x0000000082a00000|  0%| F|  |TAMS 0x0000000082900000, 0x0000000082900000| Untracked 
|  20|0x0000000082a00000, 0x0000000082a00000, 0x0000000082b00000|  0%| F|  |TAMS 0x0000000082a00000, 0x0000000082a00000| Untracked 
|  21|0x0000000082b00000, 0x0000000082b00000, 0x0000000082c00000|  0%| F|  |TAMS 0x0000000082b00000, 0x0000000082b00000| Untracked 
|  22|0x0000000082c00000, 0x0000000082c00000, 0x0000000082d00000|  0%| F|  |TAMS 0x0000000082c00000, 0x0000000082c00000| Untracked 
|  23|0x0000000082d00000, 0x0000000082d00000, 0x0000000082e00000|  0%| F|  |TAMS 0x0000000082d00000, 0x0000000082d00000| Untracked 
|  24|0x0000000082e00000, 0x0000000082e00000, 0x0000000082f00000|  0%| F|  |TAMS 0x0000000082e00000, 0x0000000082e00000| Untracked 
|  25|0x0000000082f00000, 0x0000000082f00000, 0x0000000083000000|  0%| F|  |TAMS 0x0000000082f00000, 0x0000000082f00000| Untracked 
|  26|0x0000000083000000, 0x0000000083000000, 0x0000000083100000|  0%| F|  |TAMS 0x0000000083000000, 0x0000000083000000| Untracked 
|  27|0x0000000083100000, 0x0000000083100000, 0x0000000083200000|  0%| F|  |TAMS 0x0000000083100000, 0x0000000083100000| Untracked 
|  28|0x0000000083200000, 0x0000000083200000, 0x0000000083300000|  0%| F|  |TAMS 0x0000000083200000, 0x0000000083200000| Untracked 
|  29|0x0000000083300000, 0x0000000083300000, 0x0000000083400000|  0%| F|  |TAMS 0x0000000083300000, 0x0000000083300000| Untracked 
|  30|0x0000000083400000, 0x0000000083400000, 0x0000000083500000|  0%| F|  |TAMS 0x0000000083400000, 0x0000000083400000| Untracked 
|  31|0x0000000083500000, 0x0000000083500000, 0x0000000083600000|  0%| F|  |TAMS 0x0000000083500000, 0x0000000083500000| Untracked 
|  32|0x0000000083600000, 0x0000000083600000, 0x0000000083700000|  0%| F|  |TAMS 0x0000000083600000, 0x0000000083600000| Untracked 
|  33|0x0000000083700000, 0x0000000083700000, 0x0000000083800000|  0%| F|  |TAMS 0x0000000083700000, 0x0000000083700000| Untracked 
|  34|0x0000000083800000, 0x0000000083800000, 0x0000000083900000|  0%| F|  |TAMS 0x0000000083800000, 0x0000000083800000| Untracked 
|  35|0x0000000083900000, 0x0000000083900000, 0x0000000083a00000|  0%| F|  |TAMS 0x0000000083900000, 0x0000000083900000| Untracked 
|  36|0x0000000083a00000, 0x0000000083a00000, 0x0000000083b00000|  0%| F|  |TAMS 0x0000000083a00000, 0x0000000083a00000| Untracked 
|  37|0x0000000083b00000, 0x0000000083b00000, 0x0000000083c00000|  0%| F|  |TAMS 0x0000000083b00000, 0x0000000083b00000| Untracked 
|  38|0x0000000083c00000, 0x0000000083c00000, 0x0000000083d00000|  0%| F|  |TAMS 0x0000000083c00000, 0x0000000083c00000| Untracked 
|  39|0x0000000083d00000, 0x0000000083d00000, 0x0000000083e00000|  0%| F|  |TAMS 0x0000000083d00000, 0x0000000083d00000| Untracked 
|  40|0x0000000083e00000, 0x0000000083e00000, 0x0000000083f00000|  0%| F|  |TAMS 0x0000000083e00000, 0x0000000083e00000| Untracked 
|  41|0x0000000083f00000, 0x0000000083f00000, 0x0000000084000000|  0%| F|  |TAMS 0x0000000083f00000, 0x0000000083f00000| Untracked 
|  42|0x0000000084000000, 0x0000000084000000, 0x0000000084100000|  0%| F|  |TAMS 0x0000000084000000, 0x0000000084000000| Untracked 
|  43|0x0000000084100000, 0x0000000084100000, 0x0000000084200000|  0%| F|  |TAMS 0x0000000084100000, 0x0000000084100000| Untracked 
|  44|0x0000000084200000, 0x0000000084200000, 0x0000000084300000|  0%| F|  |TAMS 0x0000000084200000, 0x0000000084200000| Untracked 
|  45|0x0000000084300000, 0x0000000084300000, 0x0000000084400000|  0%| F|  |TAMS 0x0000000084300000, 0x0000000084300000| Untracked 
|  46|0x0000000084400000, 0x0000000084400000, 0x0000000084500000|  0%| F|  |TAMS 0x0000000084400000, 0x0000000084400000| Untracked 
|  47|0x0000000084500000, 0x0000000084500000, 0x0000000084600000|  0%| F|  |TAMS 0x0000000084500000, 0x0000000084500000| Untracked 
|  48|0x0000000084600000, 0x0000000084600000, 0x0000000084700000|  0%| F|  |TAMS 0x0000000084600000, 0x0000000084600000| Untracked 
|  49|0x0000000084700000, 0x0000000084700000, 0x0000000084800000|  0%| F|  |TAMS 0x0000000084700000, 0x0000000084700000| Untracked 
|  50|0x0000000084800000, 0x0000000084800000, 0x0000000084900000|  0%| F|  |TAMS 0x0000000084800000, 0x0000000084800000| Untracked 
|  51|0x0000000084900000, 0x0000000084900000, 0x0000000084a00000|  0%| F|  |TAMS 0x0000000084900000, 0x0000000084900000| Untracked 
|  52|0x0000000084a00000, 0x0000000084a00000, 0x0000000084b00000|  0%| F|  |TAMS 0x0000000084a00000, 0x0000000084a00000| Untracked 
|  53|0x0000000084b00000, 0x0000000084b00000, 0x0000000084c00000|  0%| F|  |TAMS 0x0000000084b00000, 0x0000000084b00000| Untracked 
|  54|0x0000000084c00000, 0x0000000084c00000, 0x0000000084d00000|  0%| F|  |TAMS 0x0000000084c00000, 0x0000000084c00000| Untracked 
|  55|0x0000000084d00000, 0x0000000084d00000, 0x0000000084e00000|  0%| F|  |TAMS 0x0000000084d00000, 0x0000000084d00000| Untracked 
|  56|0x0000000084e00000, 0x0000000084e00000, 0x0000000084f00000|  0%| F|  |TAMS 0x0000000084e00000, 0x0000000084e00000| Untracked 
|  57|0x0000000084f00000, 0x0000000084f00000, 0x0000000085000000|  0%| F|  |TAMS 0x0000000084f00000, 0x0000000084f00000| Untracked 
|  58|0x0000000085000000, 0x0000000085000000, 0x0000000085100000|  0%| F|  |TAMS 0x0000000085000000, 0x0000000085000000| Untracked 
|  59|0x0000000085100000, 0x0000000085100000, 0x0000000085200000|  0%| F|  |TAMS 0x0000000085100000, 0x0000000085100000| Untracked 
|  60|0x0000000085200000, 0x0000000085200000, 0x0000000085300000|  0%| F|  |TAMS 0x0000000085200000, 0x0000000085200000| Untracked 
|  61|0x0000000085300000, 0x0000000085300000, 0x0000000085400000|  0%| F|  |TAMS 0x0000000085300000, 0x0000000085300000| Untracked 
|  62|0x0000000085400000, 0x0000000085400000, 0x0000000085500000|  0%| F|  |TAMS 0x0000000085400000, 0x0000000085400000| Untracked 
|  63|0x0000000085500000, 0x0000000085500000, 0x0000000085600000|  0%| F|  |TAMS 0x0000000085500000, 0x0000000085500000| Untracked 
|  64|0x0000000085600000, 0x0000000085600000, 0x0000000085700000|  0%| F|  |TAMS 0x0000000085600000, 0x0000000085600000| Untracked 
|  65|0x0000000085700000, 0x0000000085700000, 0x0000000085800000|  0%| F|  |TAMS 0x0000000085700000, 0x0000000085700000| Untracked 
|  66|0x0000000085800000, 0x0000000085800000, 0x0000000085900000|  0%| F|  |TAMS 0x0000000085800000, 0x0000000085800000| Untracked 
|  67|0x0000000085900000, 0x0000000085900000, 0x0000000085a00000|  0%| F|  |TAMS 0x0000000085900000, 0x0000000085900000| Untracked 
|  68|0x0000000085a00000, 0x0000000085a00000, 0x0000000085b00000|  0%| F|  |TAMS 0x0000000085a00000, 0x0000000085a00000| Untracked 
|  69|0x0000000085b00000, 0x0000000085b00000, 0x0000000085c00000|  0%| F|  |TAMS 0x0000000085b00000, 0x0000000085b00000| Untracked 
|  70|0x0000000085c00000, 0x0000000085c00000, 0x0000000085d00000|  0%| F|  |TAMS 0x0000000085c00000, 0x0000000085c00000| Untracked 
|  71|0x0000000085d00000, 0x0000000085d00000, 0x0000000085e00000|  0%| F|  |TAMS 0x0000000085d00000, 0x0000000085d00000| Untracked 
|  72|0x0000000085e00000, 0x0000000085e00000, 0x0000000085f00000|  0%| F|  |TAMS 0x0000000085e00000, 0x0000000085e00000| Untracked 
|  73|0x0000000085f00000, 0x0000000085f00000, 0x0000000086000000|  0%| F|  |TAMS 0x0000000085f00000, 0x0000000085f00000| Untracked 
|  74|0x0000000086000000, 0x0000000086000000, 0x0000000086100000|  0%| F|  |TAMS 0x0000000086000000, 0x0000000086000000| Untracked 
|  75|0x0000000086100000, 0x0000000086100000, 0x0000000086200000|  0%| F|  |TAMS 0x0000000086100000, 0x0000000086100000| Untracked 
|  76|0x0000000086200000, 0x0000000086200000, 0x0000000086300000|  0%| F|  |TAMS 0x0000000086200000, 0x0000000086200000| Untracked 
|  77|0x0000000086300000, 0x0000000086300000, 0x0000000086400000|  0%| F|  |TAMS 0x0000000086300000, 0x0000000086300000| Untracked 
|  78|0x0000000086400000, 0x0000000086400000, 0x0000000086500000|  0%| F|  |TAMS 0x0000000086400000, 0x0000000086400000| Untracked 
|  79|0x0000000086500000, 0x0000000086500000, 0x0000000086600000|  0%| F|  |TAMS 0x0000000086500000, 0x0000000086500000| Untracked 
|  80|0x0000000086600000, 0x0000000086600000, 0x0000000086700000|  0%| F|  |TAMS 0x0000000086600000, 0x0000000086600000| Untracked 
|  81|0x0000000086700000, 0x0000000086700000, 0x0000000086800000|  0%| F|  |TAMS 0x0000000086700000, 0x0000000086700000| Untracked 
|  82|0x0000000086800000, 0x0000000086800000, 0x0000000086900000|  0%| F|  |TAMS 0x0000000086800000, 0x0000000086800000| Untracked 
|  83|0x0000000086900000, 0x0000000086900000, 0x0000000086a00000|  0%| F|  |TAMS 0x0000000086900000, 0x0000000086900000| Untracked 
|  84|0x0000000086a00000, 0x0000000086a00000, 0x0000000086b00000|  0%| F|  |TAMS 0x0000000086a00000, 0x0000000086a00000| Untracked 
|  85|0x0000000086b00000, 0x0000000086b00000, 0x0000000086c00000|  0%| F|  |TAMS 0x0000000086b00000, 0x0000000086b00000| Untracked 
|  86|0x0000000086c00000, 0x0000000086c00000, 0x0000000086d00000|  0%| F|  |TAMS 0x0000000086c00000, 0x0000000086c00000| Untracked 
|  87|0x0000000086d00000, 0x0000000086d00000, 0x0000000086e00000|  0%| F|  |TAMS 0x0000000086d00000, 0x0000000086d00000| Untracked 
|  88|0x0000000086e00000, 0x0000000086e00000, 0x0000000086f00000|  0%| F|  |TAMS 0x0000000086e00000, 0x0000000086e00000| Untracked 
|  89|0x0000000086f00000, 0x0000000086f00000, 0x0000000087000000|  0%| F|  |TAMS 0x0000000086f00000, 0x0000000086f00000| Untracked 
|  90|0x0000000087000000, 0x0000000087000000, 0x0000000087100000|  0%| F|  |TAMS 0x0000000087000000, 0x0000000087000000| Untracked 
|  91|0x0000000087100000, 0x0000000087100000, 0x0000000087200000|  0%| F|  |TAMS 0x0000000087100000, 0x0000000087100000| Untracked 
|  92|0x0000000087200000, 0x0000000087200000, 0x0000000087300000|  0%| F|  |TAMS 0x0000000087200000, 0x0000000087200000| Untracked 
|  93|0x0000000087300000, 0x0000000087300000, 0x0000000087400000|  0%| F|  |TAMS 0x0000000087300000, 0x0000000087300000| Untracked 
|  94|0x0000000087400000, 0x0000000087400000, 0x0000000087500000|  0%| F|  |TAMS 0x0000000087400000, 0x0000000087400000| Untracked 
|  95|0x0000000087500000, 0x0000000087500000, 0x0000000087600000|  0%| F|  |TAMS 0x0000000087500000, 0x0000000087500000| Untracked 
|  96|0x0000000087600000, 0x0000000087600000, 0x0000000087700000|  0%| F|  |TAMS 0x0000000087600000, 0x0000000087600000| Untracked 
|  97|0x0000000087700000, 0x0000000087700000, 0x0000000087800000|  0%| F|  |TAMS 0x0000000087700000, 0x0000000087700000| Untracked 
|  98|0x0000000087800000, 0x0000000087800000, 0x0000000087900000|  0%| F|  |TAMS 0x0000000087800000, 0x0000000087800000| Untracked 
|  99|0x0000000087900000, 0x0000000087900000, 0x0000000087a00000|  0%| F|  |TAMS 0x0000000087900000, 0x0000000087900000| Untracked 
| 100|0x0000000087a00000, 0x0000000087a00000, 0x0000000087b00000|  0%| F|  |TAMS 0x0000000087a00000, 0x0000000087a00000| Untracked 
| 101|0x0000000087b00000, 0x0000000087b00000, 0x0000000087c00000|  0%| F|  |TAMS 0x0000000087b00000, 0x0000000087b00000| Untracked 
| 102|0x0000000087c00000, 0x0000000087c00000, 0x0000000087d00000|  0%| F|  |TAMS 0x0000000087c00000, 0x0000000087c00000| Untracked 
| 103|0x0000000087d00000, 0x0000000087d00000, 0x0000000087e00000|  0%| F|  |TAMS 0x0000000087d00000, 0x0000000087d00000| Untracked 
| 104|0x0000000087e00000, 0x0000000087e00000, 0x0000000087f00000|  0%| F|  |TAMS 0x0000000087e00000, 0x0000000087e00000| Untracked 
| 105|0x0000000087f00000, 0x0000000087f00000, 0x0000000088000000|  0%| F|  |TAMS 0x0000000087f00000, 0x0000000087f00000| Untracked 
| 106|0x0000000088000000, 0x0000000088000000, 0x0000000088100000|  0%| F|  |TAMS 0x0000000088000000, 0x0000000088000000| Untracked 
| 107|0x0000000088100000, 0x0000000088100000, 0x0000000088200000|  0%| F|  |TAMS 0x0000000088100000, 0x0000000088100000| Untracked 
| 108|0x0000000088200000, 0x0000000088200000, 0x0000000088300000|  0%| F|  |TAMS 0x0000000088200000, 0x0000000088200000| Untracked 
| 109|0x0000000088300000, 0x0000000088300000, 0x0000000088400000|  0%| F|  |TAMS 0x0000000088300000, 0x0000000088300000| Untracked 
| 110|0x0000000088400000, 0x0000000088400000, 0x0000000088500000|  0%| F|  |TAMS 0x0000000088400000, 0x0000000088400000| Untracked 
| 111|0x0000000088500000, 0x0000000088500000, 0x0000000088600000|  0%| F|  |TAMS 0x0000000088500000, 0x0000000088500000| Untracked 
| 112|0x0000000088600000, 0x0000000088600000, 0x0000000088700000|  0%| F|  |TAMS 0x0000000088600000, 0x0000000088600000| Untracked 
| 113|0x0000000088700000, 0x0000000088700000, 0x0000000088800000|  0%| F|  |TAMS 0x0000000088700000, 0x0000000088700000| Untracked 
| 114|0x0000000088800000, 0x0000000088800000, 0x0000000088900000|  0%| F|  |TAMS 0x0000000088800000, 0x0000000088800000| Untracked 
| 115|0x0000000088900000, 0x0000000088a00000, 0x0000000088a00000|100%| E|  |TAMS 0x0000000088900000, 0x0000000088900000| Complete 
| 116|0x0000000088a00000, 0x0000000088b00000, 0x0000000088b00000|100%| E|CS|TAMS 0x0000000088a00000, 0x0000000088a00000| Complete 
| 117|0x0000000088b00000, 0x0000000088c00000, 0x0000000088c00000|100%| E|CS|TAMS 0x0000000088b00000, 0x0000000088b00000| Complete 
| 118|0x0000000088c00000, 0x0000000088d00000, 0x0000000088d00000|100%| E|CS|TAMS 0x0000000088c00000, 0x0000000088c00000| Complete 
| 119|0x0000000088d00000, 0x0000000088e00000, 0x0000000088e00000|100%| E|CS|TAMS 0x0000000088d00000, 0x0000000088d00000| Complete 
| 120|0x0000000088e00000, 0x0000000088f00000, 0x0000000088f00000|100%| E|CS|TAMS 0x0000000088e00000, 0x0000000088e00000| Complete 
| 121|0x0000000088f00000, 0x0000000089000000, 0x0000000089000000|100%| E|CS|TAMS 0x0000000088f00000, 0x0000000088f00000| Complete 
| 122|0x0000000089000000, 0x0000000089100000, 0x0000000089100000|100%| E|CS|TAMS 0x0000000089000000, 0x0000000089000000| Complete 
| 123|0x0000000089100000, 0x0000000089200000, 0x0000000089200000|100%| E|CS|TAMS 0x0000000089100000, 0x0000000089100000| Complete 
| 124|0x0000000089200000, 0x0000000089300000, 0x0000000089300000|100%| E|CS|TAMS 0x0000000089200000, 0x0000000089200000| Complete 
| 125|0x0000000089300000, 0x0000000089400000, 0x0000000089400000|100%| E|CS|TAMS 0x0000000089300000, 0x0000000089300000| Complete 
| 126|0x0000000089400000, 0x0000000089500000, 0x0000000089500000|100%| E|  |TAMS 0x0000000089400000, 0x0000000089400000| Complete 
| 127|0x0000000089500000, 0x0000000089600000, 0x0000000089600000|100%| E|CS|TAMS 0x0000000089500000, 0x0000000089500000| Complete 

Card table byte_map: [0x000002074de50000,0x000002074e250000] _byte_map_base: 0x000002074da45000

Marking Bits (Prev, Next): (CMBitMap*) 0x0000020736e4a0c0, (CMBitMap*) 0x0000020736e4a100
 Prev Bits: [0x000002074e650000, 0x00000207505f8000)
 Next Bits: [0x0000020750600000, 0x00000207525a8000)

Polling page: 0x0000020734d20000

Metaspace:

Usage:
  Non-class:      3.09 MB used.
      Class:    420.52 KB used.
       Both:      3.50 MB used.

Virtual space:
  Non-class space:       64.00 MB reserved,       3.12 MB (  5%) committed,  1 nodes.
      Class space:        1.00 GB reserved,     512.00 KB ( <1%) committed,  1 nodes.
             Both:        1.06 GB reserved,       3.62 MB ( <1%) committed. 

Chunk freelists:
   Non-Class:  2.45 MB
       Class:  3.48 MB
        Both:  5.94 MB

MaxMetaspaceSize: unlimited
CompressedClassSpaceSize: 1.00 GB
Initial GC threshold: 21.00 MB
Current GC threshold: 21.00 MB
CDS: on
MetaspaceReclaimPolicy: balanced
 - commit_granule_bytes: 65536.
 - commit_granule_words: 8192.
 - virtual_space_node_default_size: 8388608.
 - enlarge_chunks_in_place: 1.
 - new_chunks_are_fully_committed: 0.
 - uncommit_free_chunks: 1.
 - use_allocation_guard: 0.


Internal statistics:

num_allocs_failed_limit: 0.
num_arena_births: 26.
num_arena_deaths: 0.
num_vsnodes_births: 2.
num_vsnodes_deaths: 0.
num_space_committed: 58.
num_space_uncommitted: 0.
num_chunks_returned_to_freelist: 0.
num_chunks_taken_from_freelist: 115.
num_chunk_merges: 0.
num_chunk_splits: 72.
num_chunks_enlarged: 59.
num_inconsistent_stats: 0.

CodeHeap 'non-profiled nmethods': size=120000Kb used=234Kb max_used=234Kb free=119765Kb
 bounds [0x00000207461f0000, 0x0000020746460000, 0x000002074d720000]
CodeHeap 'profiled nmethods': size=120000Kb used=1161Kb max_used=1161Kb free=118838Kb
 bounds [0x000002073ecc0000, 0x000002073ef30000, 0x00000207461f0000]
CodeHeap 'non-nmethods': size=5760Kb used=1167Kb max_used=1184Kb free=4593Kb
 bounds [0x000002073e720000, 0x000002073e990000, 0x000002073ecc0000]
 total_blobs=1105 nmethods=663 adapters=355
 compilation: enabled
              stopped_count=0, restarted_count=0
 full_count=0

Compilation events (20 events):
Event: 0.325 Thread 0x0000020754fcd240  652       3       jdk.internal.ref.CleanerImpl$PhantomCleanableRef::performCleanup (10 bytes)
Event: 0.325 Thread 0x0000020754fcd240 nmethod 652 0x000002073ede0510 code [0x000002073ede06c0, 0x000002073ede0888]
Event: 0.325 Thread 0x0000020754fcd240  650       3       java.lang.ClassLoader::definePackage (85 bytes)
Event: 0.325 Thread 0x0000020754fcd240 nmethod 650 0x000002073ede0990 code [0x000002073ede0c60, 0x000002073ede1bb8]
Event: 0.326 Thread 0x0000020759a172a0 nmethod 648% 0x0000020746227e10 code [0x0000020746227fa0, 0x0000020746228338]
Event: 0.329 Thread 0x0000020759a172a0  656 %     4       java.lang.StringUTF16::compress @ 3 (50 bytes)
Event: 0.329 Thread 0x0000020754fc8940  657       4       java.io.WinNTFileSystem::normalize (143 bytes)
Event: 0.330 Thread 0x0000020754fcd240  658       3       java.lang.System$2::newStringUTF8NoRepl (7 bytes)
Event: 0.330 Thread 0x0000020754fcd240 nmethod 658 0x000002073ede2090 code [0x000002073ede2220, 0x000002073ede2368]
Event: 0.332 Thread 0x0000020754fc8940 nmethod 657 0x0000020746228490 code [0x0000020746228640, 0x00000207462288d0]
Event: 0.332 Thread 0x0000020754fc8940  659       4       jdk.internal.util.Preconditions::checkFromIndexSize (25 bytes)
Event: 0.333 Thread 0x0000020759a172a0 nmethod 656% 0x0000020746228b90 code [0x0000020746228d20, 0x0000020746229158]
Event: 0.333 Thread 0x0000020754fc8940 nmethod 659 0x0000020746229310 code [0x0000020746229480, 0x0000020746229538]
Event: 0.334 Thread 0x0000020754fcd240  660       1       java.util.logging.LogManager$LoggerContext::getOwner (5 bytes)
Event: 0.335 Thread 0x0000020754fcd240 nmethod 660 0x0000020746229610 code [0x00000207462297a0, 0x0000020746229878]
Event: 0.335 Thread 0x0000020754fcd240  661       1       java.lang.invoke.MethodHandleImpl::isCompileConstant (2 bytes)
Event: 0.335 Thread 0x0000020754fcd240 nmethod 661 0x0000020746229910 code [0x0000020746229aa0, 0x0000020746229b58]
Event: 0.335 Thread 0x0000020754fcd240  662       3       java.util.regex.Pattern::has (15 bytes)
Event: 0.335 Thread 0x0000020754fcd240 nmethod 662 0x000002073ede2410 code [0x000002073ede25a0, 0x000002073ede2718]
Event: 0.335 Thread 0x0000020759a172a0  663       4       java.lang.StringLatin1::toLowerCase (186 bytes)

GC Heap History (0 events):
No events

Deoptimization events (18 events):
Event: 0.041 Thread 0x0000020736de8320 Uncommon trap: trap_request=0xffffff45 fr.pc=0x00000207461f1528 relative=0x00000000000000a8
Event: 0.041 Thread 0x0000020736de8320 Uncommon trap: reason=unstable_if action=reinterpret pc=0x00000207461f1528 method=java.lang.String.isLatin1()Z @ 10 c2
Event: 0.041 Thread 0x0000020736de8320 DEOPT PACKING pc=0x00000207461f1528 sp=0x0000006d763ff2b0
Event: 0.041 Thread 0x0000020736de8320 DEOPT UNPACKING pc=0x000002073e7723a3 sp=0x0000006d763ff1f0 mode 2
Event: 0.122 Thread 0x0000020736de8320 DEOPT PACKING pc=0x000002073ecc9a67 sp=0x0000006d763fb350
Event: 0.122 Thread 0x0000020736de8320 DEOPT UNPACKING pc=0x000002073e772b43 sp=0x0000006d763fa770 mode 0
Event: 0.142 Thread 0x0000020736de8320 DEOPT PACKING pc=0x000002073ecc71d1 sp=0x0000006d763fd070
Event: 0.142 Thread 0x0000020736de8320 DEOPT UNPACKING pc=0x000002073e772b43 sp=0x0000006d763fc4e8 mode 0
Event: 0.146 Thread 0x0000020736de8320 Uncommon trap: trap_request=0xffffff45 fr.pc=0x0000020746202eb0 relative=0x0000000000000190
Event: 0.146 Thread 0x0000020736de8320 Uncommon trap: reason=unstable_if action=reinterpret pc=0x0000020746202eb0 method=java.util.zip.ZipFile$Source.isMetaName([BII)Z @ 43 c2
Event: 0.146 Thread 0x0000020736de8320 DEOPT PACKING pc=0x0000020746202eb0 sp=0x0000006d763fcae0
Event: 0.146 Thread 0x0000020736de8320 DEOPT UNPACKING pc=0x000002073e7723a3 sp=0x0000006d763fca88 mode 2
Event: 0.238 Thread 0x0000020736de8320 Uncommon trap: trap_request=0xffffff45 fr.pc=0x0000020746205364 relative=0x0000000000000064
Event: 0.238 Thread 0x0000020736de8320 Uncommon trap: reason=unstable_if action=reinterpret pc=0x0000020746205364 method=java.io.WinNTFileSystem.isSlash(C)Z @ 9 c2
Event: 0.238 Thread 0x0000020736de8320 DEOPT PACKING pc=0x0000020746205364 sp=0x0000006d763fdb80
Event: 0.238 Thread 0x0000020736de8320 DEOPT UNPACKING pc=0x000002073e7723a3 sp=0x0000006d763fdb08 mode 2
Event: 0.262 Thread 0x0000020736de8320 DEOPT PACKING pc=0x000002073ece08e5 sp=0x0000006d763fb9e0
Event: 0.262 Thread 0x0000020736de8320 DEOPT UNPACKING pc=0x000002073e772b43 sp=0x0000006d763fae30 mode 0

Classes loaded (20 events):
Event: 0.317 Loading class javax/security/cert/Certificate
Event: 0.317 Loading class javax/security/cert/Certificate done
Event: 0.317 Loading class javax/security/cert/X509Certificate done
Event: 0.318 Loading class java/util/concurrent/atomic/AtomicIntegerFieldUpdater
Event: 0.318 Loading class java/util/concurrent/atomic/AtomicIntegerFieldUpdater done
Event: 0.318 Loading class java/util/concurrent/atomic/AtomicIntegerFieldUpdater$AtomicIntegerFieldUpdaterImpl
Event: 0.318 Loading class java/util/concurrent/atomic/AtomicIntegerFieldUpdater$AtomicIntegerFieldUpdaterImpl done
Event: 0.318 Loading class java/util/concurrent/atomic/AtomicIntegerFieldUpdater$AtomicIntegerFieldUpdaterImpl$1
Event: 0.318 Loading class java/util/concurrent/atomic/AtomicIntegerFieldUpdater$AtomicIntegerFieldUpdaterImpl$1 done
Event: 0.319 Loading class java/util/concurrent/CountDownLatch
Event: 0.319 Loading class java/util/concurrent/CountDownLatch done
Event: 0.319 Loading class sun/reflect/misc/ReflectUtil
Event: 0.319 Loading class sun/reflect/misc/ReflectUtil done
Event: 0.319 Loading class java/util/concurrent/CountDownLatch$Sync
Event: 0.320 Loading class java/util/concurrent/CountDownLatch$Sync done
Event: 0.335 Loading class java/lang/reflect/InvocationTargetException
Event: 0.336 Loading class java/lang/reflect/InvocationTargetException done
Event: 0.336 Loading class java/nio/DirectByteBuffer$Deallocator
Event: 0.336 Loading class java/nio/DirectByteBuffer$Deallocator done
Event: 0.336 Loading class sun/misc/Unsafe

Classes unloaded (0 events):
No events

Classes redefined (0 events):
No events

Internal exceptions (9 events):
Event: 0.156 Thread 0x0000020736de8320 Exception <a 'java/lang/NoSuchMethodError'{0x0000000089052160}: 'int java.lang.invoke.DirectMethodHandle$Holder.invokeStaticInit(java.lang.Object, java.lang.Object)'> (0x0000000089052160) 
thrown [s\open\src\hotspot\share\interpreter\linkResolver.cpp, line 759]
Event: 0.173 Thread 0x0000020736de8320 Exception <a 'java/lang/NoSuchMethodError'{0x00000000890ad568}: 'void java.lang.invoke.DirectMethodHandle$Holder.invokeStatic(java.lang.Object, java.lang.Object)'> (0x00000000890ad568) 
thrown [s\open\src\hotspot\share\interpreter\linkResolver.cpp, line 759]
Event: 0.181 Thread 0x0000020736de8320 Exception <a 'java/net/SocketException'{0x00000000890bf1e8}: Socket is not connected: shutdown> (0x00000000890bf1e8) 
thrown [s\open\src\hotspot\share\prims\jni.cpp, line 535]
Event: 0.201 Thread 0x0000020736de8320 Exception <a 'java/lang/NoSuchMethodError'{0x0000000088f58810}: 'java.lang.Object java.lang.invoke.DirectMethodHandle$Holder.invokeStaticInit(java.lang.Object)'> (0x0000000088f58810) 
thrown [s\open\src\hotspot\share\interpreter\linkResolver.cpp, line 759]
Event: 0.265 Thread 0x0000020736de8320 Exception <a 'java/lang/NoSuchMethodError'{0x0000000088cd6e80}: 'void java.lang.invoke.DirectMethodHandle$Holder.invokeStaticInit(java.lang.Object, java.lang.Object)'> (0x0000000088cd6e80) 
thrown [s\open\src\hotspot\share\interpreter\linkResolver.cpp, line 759]
Event: 0.295 Thread 0x0000020736de8320 Exception <a 'java/lang/NoClassDefFoundError'{0x0000000088a239f8}: org/slf4j/impl/StaticLoggerBinder> (0x0000000088a239f8) 
thrown [s\open\src\hotspot\share\classfile\systemDictionary.cpp, line 244]
Event: 0.309 Thread 0x0000020736de8320 Exception <a 'java/lang/NoClassDefFoundError'{0x0000000088a92880}> (0x0000000088a92880) 
thrown [s\open\src\hotspot\share\oops\instanceKlass.cpp, line 1210]
Event: 0.309 Thread 0x0000020736de8320 Exception <a 'java/lang/NoClassDefFoundError'{0x0000000088a9e9e0}: org/apache/logging/log4j/spi/ExtendedLoggerWrapper> (0x0000000088a9e9e0) 
thrown [s\open\src\hotspot\share\classfile\systemDictionary.cpp, line 244]
Event: 0.310 Thread 0x0000020736de8320 Exception <a 'java/lang/NoClassDefFoundError'{0x0000000088aaa120}: org/apache/log4j/Priority> (0x0000000088aaa120) 
thrown [s\open\src\hotspot\share\classfile\systemDictionary.cpp, line 244]

VM Operations (12 events):
Event: 0.081 Executing VM operation: HandshakeAllThreads
Event: 0.081 Executing VM operation: HandshakeAllThreads done
Event: 0.171 Executing VM operation: HandshakeAllThreads
Event: 0.171 Executing VM operation: HandshakeAllThreads done
Event: 0.182 Executing VM operation: HandshakeAllThreads
Event: 0.182 Executing VM operation: HandshakeAllThreads done
Event: 0.238 Executing VM operation: HandshakeAllThreads
Event: 0.238 Executing VM operation: HandshakeAllThreads done
Event: 0.276 Executing VM operation: HandshakeAllThreads
Event: 0.276 Executing VM operation: HandshakeAllThreads done
Event: 0.306 Executing VM operation: HandshakeAllThreads
Event: 0.306 Executing VM operation: HandshakeAllThreads done

Events (20 events):
Event: 0.011 Loaded shared library C:\Program Files\Java\jdk-18.0.2\bin\jsvml.dll
Event: 0.011 Thread 0x0000020736de8320 Thread added: 0x0000020736de8320
Event: 0.012 Thread 0x0000020754f824d0 Thread added: 0x0000020754f824d0
Event: 0.012 Thread 0x0000020754f837e0 Thread added: 0x0000020754f837e0
Event: 0.019 Thread 0x0000020754f9f200 Thread added: 0x0000020754f9f200
Event: 0.019 Thread 0x0000020754fa0ec0 Thread added: 0x0000020754fa0ec0
Event: 0.019 Thread 0x0000020754fa1f10 Thread added: 0x0000020754fa1f10
Event: 0.019 Thread 0x0000020754fc75c0 Thread added: 0x0000020754fc75c0
Event: 0.019 Thread 0x0000020754fc8940 Thread added: 0x0000020754fc8940
Event: 0.019 Thread 0x0000020754fcd240 Thread added: 0x0000020754fcd240
Event: 0.019 Thread 0x0000020754fd0b50 Thread added: 0x0000020754fd0b50
Event: 0.040 Thread 0x00000207594bab40 Thread added: 0x00000207594bab40
Event: 0.043 Thread 0x00000207594bb9b0 Thread added: 0x00000207594bb9b0
Event: 0.072 Loaded shared library C:\Program Files\Java\jdk-18.0.2\bin\net.dll
Event: 0.075 Loaded shared library C:\Program Files\Java\jdk-18.0.2\bin\nio.dll
Event: 0.080 Loaded shared library C:\Program Files\Java\jdk-18.0.2\bin\zip.dll
Event: 0.138 Loaded shared library C:\Program Files\Java\jdk-18.0.2\bin\jimage.dll
Event: 0.241 Thread 0x00000207594ba1a0 Thread added: 0x00000207594ba1a0
Event: 0.281 Thread 0x0000020759a172a0 Thread added: 0x0000020759a172a0
Event: 0.290 Loaded shared library C:\Program Files\Java\jdk-18.0.2\bin\verify.dll


Dynamic libraries:
0x00007ff7fd080000 - 0x00007ff7fd090000 	C:\Program Files\Java\jdk-18.0.2\bin\javaw.exe
0x00007fff29b70000 - 0x00007fff29d68000 	C:\Windows\SYSTEM32\ntdll.dll
0x00007fff294c0000 - 0x00007fff2957f000 	C:\Windows\System32\KERNEL32.DLL
0x00007fff27670000 - 0x00007fff27942000 	C:\Windows\System32\KERNELBASE.dll
0x00007fff272a0000 - 0x00007fff273a0000 	C:\Windows\System32\ucrtbase.dll
0x00007fff1d1e0000 - 0x00007fff1d1fa000 	C:\Program Files\Java\jdk-18.0.2\bin\VCRUNTIME140.dll
0x00007fff1c400000 - 0x00007fff1c418000 	C:\Program Files\Java\jdk-18.0.2\bin\jli.dll
0x00007fff28ff0000 - 0x00007fff2909e000 	C:\Windows\System32\ADVAPI32.dll
0x00007fff28530000 - 0x00007fff285ce000 	C:\Windows\System32\msvcrt.dll
0x00007fff29380000 - 0x00007fff2941c000 	C:\Windows\System32\sechost.dll
0x00007fff28400000 - 0x00007fff28525000 	C:\Windows\System32\RPCRT4.dll
0x00007fff289c0000 - 0x00007fff28b5d000 	C:\Windows\System32\USER32.dll
0x00007fff27270000 - 0x00007fff27292000 	C:\Windows\System32\win32u.dll
0x00007fff11f80000 - 0x00007fff1221a000 	C:\Windows\WinSxS\amd64_microsoft.windows.common-controls_6595b64144ccf1df_6.0.19041.1110_none_60b5254171f9507e\COMCTL32.dll
0x00007fff29420000 - 0x00007fff2944b000 	C:\Windows\System32\GDI32.dll
0x00007fff27950000 - 0x00007fff27a5f000 	C:\Windows\System32\gdi32full.dll
0x00007fff27b20000 - 0x00007fff27bbd000 	C:\Windows\System32\msvcp_win.dll
0x00007fff1ea40000 - 0x00007fff1ea4a000 	C:\Windows\SYSTEM32\VERSION.dll
0x00007fff292e0000 - 0x00007fff29312000 	C:\Windows\System32\IMM32.DLL
0x00007fff24610000 - 0x00007fff2461c000 	C:\Program Files\Java\jdk-18.0.2\bin\vcruntime140_1.dll
0x00007fff01eb0000 - 0x00007fff01f3d000 	C:\Program Files\Java\jdk-18.0.2\bin\msvcp140.dll
0x00007ffeef0c0000 - 0x00007ffeefcd1000 	C:\Program Files\Java\jdk-18.0.2\bin\server\jvm.dll
0x00007fff285d0000 - 0x00007fff285d8000 	C:\Windows\System32\PSAPI.DLL
0x00007fff20980000 - 0x00007fff20989000 	C:\Windows\SYSTEM32\WSOCK32.dll
0x00007fff183e0000 - 0x00007fff18407000 	C:\Windows\SYSTEM32\WINMM.dll
0x00007fff28ea0000 - 0x00007fff28f0b000 	C:\Windows\System32\WS2_32.dll
0x00007fff25310000 - 0x00007fff25322000 	C:\Windows\SYSTEM32\kernel.appcore.dll
0x00007fff1c730000 - 0x00007fff1c73a000 	C:\Program Files\Java\jdk-18.0.2\bin\jimage.dll
0x00007fff24ee0000 - 0x00007fff250c4000 	C:\Windows\SYSTEM32\DBGHELP.DLL
0x00007fff10750000 - 0x00007fff1077c000 	C:\Windows\SYSTEM32\dbgcore.DLL
0x00007fff27a90000 - 0x00007fff27b12000 	C:\Windows\System32\bcryptPrimitives.dll
0x00007fff03cb0000 - 0x00007fff03cd5000 	C:\Program Files\Java\jdk-18.0.2\bin\java.dll
0x00007ffefd3c0000 - 0x00007ffefd496000 	C:\Program Files\Java\jdk-18.0.2\bin\jsvml.dll
0x00007fff27cb0000 - 0x00007fff283f3000 	C:\Windows\System32\SHELL32.dll
0x00007fff25330000 - 0x00007fff25ac2000 	C:\Windows\SYSTEM32\windows.storage.dll
0x00007fff285e0000 - 0x00007fff28934000 	C:\Windows\System32\combase.dll
0x00007fff26bf0000 - 0x00007fff26c20000 	C:\Windows\SYSTEM32\Wldp.dll
0x00007fff29a80000 - 0x00007fff29b2d000 	C:\Windows\System32\SHCORE.dll
0x00007fff29320000 - 0x00007fff29375000 	C:\Windows\System32\shlwapi.dll
0x00007fff271b0000 - 0x00007fff271cf000 	C:\Windows\SYSTEM32\profapi.dll
0x00007fff14790000 - 0x00007fff147a3000 	C:\Program Files\Java\jdk-18.0.2\bin\net.dll
0x00007fff1ebc0000 - 0x00007fff1eccc000 	C:\Windows\SYSTEM32\WINHTTP.dll
0x00007fff26950000 - 0x00007fff269ba000 	C:\Windows\system32\mswsock.dll
0x00007fff14770000 - 0x00007fff14786000 	C:\Program Files\Java\jdk-18.0.2\bin\nio.dll
0x00007fff0b560000 - 0x00007fff0b578000 	C:\Program Files\Java\jdk-18.0.2\bin\zip.dll
0x00007fff26680000 - 0x00007fff2674a000 	C:\Windows\SYSTEM32\DNSAPI.dll
0x00007fff26640000 - 0x00007fff2667b000 	C:\Windows\SYSTEM32\IPHLPAPI.DLL
0x00007fff29450000 - 0x00007fff29458000 	C:\Windows\System32\NSI.dll
0x00007fff1e620000 - 0x00007fff1e62a000 	C:\Windows\System32\rasadhlp.dll
0x00007fff1e9c0000 - 0x00007fff1ea40000 	C:\Windows\System32\fwpuclnt.dll
0x00007fff27a60000 - 0x00007fff27a87000 	C:\Windows\System32\bcrypt.dll
0x00007fff231f0000 - 0x00007fff23200000 	C:\Program Files\Java\jdk-18.0.2\bin\verify.dll

dbghelp: loaded successfully - version: 4.0.5 - missing functions: none
symbol engine: initialized successfully - sym options: 0x614 - pdb path: .;C:\Program Files\Java\jdk-18.0.2\bin;C:\Windows\SYSTEM32;C:\Windows\WinSxS\amd64_microsoft.windows.common-controls_6595b64144ccf1df_6.0.19041.1110_none_60b5254171f9507e;C:\Program Files\Java\jdk-18.0.2\bin\server

VM Arguments:
jvm_args: -Dfile.encoding=UTF-8 -XX:+ShowCodeDetailsInExceptionMessages 
java_command: com.section1.OpenApplication
java_class_path (initial): C:\Users\Lenovo\eclipse-workspace\Automation-Practice\bin;D:\Anchu\selenium\selenium-java-4.4.0\selenium-api-4.4.0.jar;D:\Anchu\selenium\selenium-java-4.4.0\selenium-api-4.4.0-sources.jar;D:\Anchu\selenium\selenium-java-4.4.0\selenium-chrome-driver-4.4.0.jar;D:\Anchu\selenium\selenium-java-4.4.0\selenium-chrome-driver-4.4.0-sources.jar;D:\Anchu\selenium\selenium-java-4.4.0\selenium-chromium-driver-4.4.0.jar;D:\Anchu\selenium\selenium-java-4.4.0\selenium-chromium-driver-4.4.0-sources.jar;D:\Anchu\selenium\selenium-java-4.4.0\selenium-devtools-v85-4.4.0.jar;D:\Anchu\selenium\selenium-java-4.4.0\selenium-devtools-v85-4.4.0-sources.jar;D:\Anchu\selenium\selenium-java-4.4.0\selenium-devtools-v102-4.4.0.jar;D:\Anchu\selenium\selenium-java-4.4.0\selenium-devtools-v102-4.4.0-sources.jar;D:\Anchu\selenium\selenium-java-4.4.0\selenium-devtools-v103-4.4.0.jar;D:\Anchu\selenium\selenium-java-4.4.0\selenium-devtools-v103-4.4.0-sources.jar;D:\Anchu\selenium\selenium-java-4.4.0\selenium-devtools-v104-4.4.0.jar;D:\Anchu\selenium\selenium-java-4.4.0\selenium-devtools-v104-4.4.0-sources.jar;D:\Anchu\selenium\selenium-java-4.4.0\selenium-edge-driver-4.4.0.jar;D:\Anchu\selenium\selenium-java-4.4.0\selenium-edge-driver-4.4.0-sources.jar;D:\Anchu\selenium\selenium-java-4.4.0\selenium-firefox-driver-4.4.0.jar;D:\Anchu\selenium\selenium-java-4.4.0\selenium-firefox-driver-4.4.0-sources.jar;D:\Anchu\selenium\selenium-java-4.4.0\selenium-http-4.4.0.jar;D:\Anchu\selenium\selenium-java-4.4.0\selenium-http-4.4.0-sources.jar;D:\Anchu\selenium\selenium-java-4.4.0\selenium-ie-driver-4.4.0.jar;D:\Anchu\selenium\selenium-java-4.4.0\selenium-ie-driver-4.4.0-sources.jar;D:\Anchu\selenium\selenium-java-4.4.0\selenium-java-4.4.0.jar;D:\Anchu\selenium\selenium-java-4.4.0\selenium-java-4.4.0-sources.jar;D:\Anchu\selenium\selenium-java-4.4.0\selenium-json-4.4.0.jar;D:\Anchu\selenium\selenium-java-4.4.0\selenium-json-4.4.0-sources.jar;D:\Anchu\selenium\selenium-java-4.4.0\selenium-opera-driver-4.4.0.jar;D:\Anchu\selenium\selenium-java-4.4.0\selenium-opera-driver-4.4.0-sources.jar;D:\Anchu\selenium\selenium-java-4.4.0\selenium-remote-driver-4.4.0.jar;D:\Anchu\selenium\selenium-java-4.4.0\selenium-remote-driver-4.4.0-sources.jar;D:\Anchu\selenium\selenium-java-4.4.0\selenium-safari-driver-4.4.0.jar;D:\Anchu\selenium\selenium-java-4.4.0\selenium-safari-driver-4.4.0-sources.jar;D:\Anchu\selenium\selenium-java-4.4.0\selenium-support-4.4.0.jar;D:\Anchu\selenium\selenium-java-4.4.0\selenium-support-4.4.0-sources.jar;D:\Anchu\selenium\selenium-java-4.4.0\lib\async-http-client-2.12.3.jar;D:\Anchu\selenium\selenium-java-4.4.0\lib\async-http-client-netty-utils-2.12.3.jar;D:\Anchu\selenium\selenium-java-4.4.0\lib\auto-common-1.2.1.jar;D:\Anchu\selenium\selenium-java-4.4.0\lib\auto-service-1.0.1.jar;D:\Anchu\selenium\selenium-java-4.4.0\lib\auto-service-annotations-1.0.1.jar;D:\Anchu\selenium\selenium-java-4.4.0\lib\byte-buddy-1.12.10.jar;D:\Anchu\selenium\selenium-java-4.4.0\lib\checker-qual-3.12.0.jar;D:\Anchu\selenium\selenium-java-4.4.0\lib\commons-exec-1.3.jar;D:\Anchu\selenium\selenium-java-4.4.0\lib\error_prone_annotations-2.11.0.jar;D:\Anchu\selenium\selenium-java-4.4.0\lib\failsafe-3.2.4.jar;D:\Anchu\selenium\selenium-java-4.4.0\lib\failureaccess-1.0.1.jar;D:\Anchu\selenium\selenium-java-4.4.0\lib\guava-31.1-jre.jar;D:\Anchu\selenium\selenium-java-4.4.0\lib\j2objc-annotations-1.3.jar;D:\Anchu\selenium\selenium-java-4.4.0\lib\jakarta.activation-1.2.2.jar;D:\Anchu\selenium\selenium-java-4.4.0\lib\jcommander-1.82.jar;D:\Anchu\selenium\selenium-java-4.4.0\lib\jsr305-3.0.2.jar;D:\Anchu\selenium\selenium-java-4.4.0\lib\jtoml-2.0.0.jar;D:\Anchu\selenium\selenium-java-4.4.0\lib\listenablefuture-9999.0-empty-to-avoid-conflict-with-guava.jar;D:\Anchu\selenium\selenium-java-4.4.0\lib\netty-buffer-4.1.78.Final.jar;D:\Anchu\selenium\selenium-java-4.4.0\lib\netty-codec-4.1.78.Final.jar;D:\Anchu\selenium\selenium-java-4.4.0\lib\netty-codec-http-4.1.78.Final.jar;D:\Anchu\selenium\selenium-java-4.4.0\lib\netty-codec-socks-4.1.78.Final.jar;D:\Anchu\selenium\selenium-java-4.4.0\lib\netty-common-4.1.78.Final.jar;D:\Anchu\selenium\selenium-java-4.4.0\lib\netty-handler-4.1.78.Final.jar;D:\Anchu\selenium\selenium-java-4.4.0\lib\netty-handler-proxy-4.1.78.Final.jar;D:\Anchu\selenium\selenium-java-4.4.0\lib\netty-reactive-streams-2.0.4.jar;D:\Anchu\selenium\selenium-java-4.4.0\lib\netty-resolver-4.1.78.Final.jar;D:\Anchu\selenium\selenium-java-4.4.0\lib\netty-transport-4.1.78.Final.jar;D:\Anchu\selenium\selenium-java-4.4.0\lib\netty-transport-classes-epoll-4.1.78.Final.jar;D:\Anchu\selenium\selenium-java-4.4.0\lib\netty-transport-classes-kqueue-4.1.78.Final.jar;D:\Anchu\selenium\selenium-java-4.4.0\lib\netty-transport-native-epoll-4.1.78.Final.jar;D:\Anchu\selenium\selenium-java-4.4.0\lib\netty-transport-native-kqueue-4.1.78.Final.jar;D:\Anchu\selenium\selenium-java-4.4.0\lib\netty-transport-native-unix-common-4.1.78.Final.jar;D:\Anchu\selenium\selenium-java-4.4.0\lib\opentelemetry-api-1.16.0.jar;D:\Anchu\selenium\selenium-java-4.4.0\lib\opentelemetry-context-1.16.0.jar;D:\Anchu\selenium\selenium-java-4.4.0\lib\opentelemetry-exporter-logging-1.16.0.jar;D:\Anchu\selenium\selenium-java-4.4.0\lib\opentelemetry-sdk-1.16.0.jar;D:\Anchu\selenium\selenium-java-4.4.0\lib\opentelemetry-sdk-common-1.16.0.jar;D:\Anchu\selenium\selenium-java-4.4.0\lib\opentelemetry-sdk-extension-autoconfigure-1.16.0-alpha.jar;D:\Anchu\selenium\selenium-java-4.4.0\lib\opentelemetry-sdk-extension-autoconfigure-spi-1.16.0.jar;D:\Anchu\selenium\selenium-java-4.4.0\lib\opentelemetry-sdk-logs-1.16.0-alpha.jar;D:\Anchu\selenium\selenium-java-4.4.0\lib\opentelemetry-sdk-metrics-1.16.0.jar;D:\Anchu\selenium\selenium-java-4.4.0\lib\opentelemetry-sdk-trace-1.16.0.jar;D:\Anchu\selenium\selenium-java-4.4.0\lib\opentelemetry-semconv-1.16.0-alpha.jar;D:\Anchu\selenium\selenium-java-4.4.0\lib\reactive-streams-1.0.4.jar;D:\Anchu\selenium\selenium-java-4.4.0\lib\slf4j-api-1.7.36.jar
Launcher Type: SUN_STANDARD

[Global flags]
     intx CICompilerCount                          = 4                                         {product} {ergonomic}
     uint ConcGCThreads                            = 2                                         {product} {ergonomic}
     uint G1ConcRefinementThreads                  = 8                                         {product} {ergonomic}
   size_t G1HeapRegionSize                         = 1048576                                   {product} {ergonomic}
    uintx GCDrainStackTargetSize                   = 64                                        {product} {ergonomic}
   size_t InitialHeapSize                          = 134217728                                 {product} {ergonomic}
   size_t MarkStackSize                            = 4194304                                   {product} {ergonomic}
   size_t MaxHeapSize                              = 2124414976                                {product} {ergonomic}
   size_t MaxNewSize                               = 1274019840                                {product} {ergonomic}
   size_t MinHeapDeltaBytes                        = 1048576                                   {product} {ergonomic}
   size_t MinHeapSize                              = 8388608                                   {product} {ergonomic}
    uintx NonNMethodCodeHeapSize                   = 5839372                                {pd product} {ergonomic}
    uintx NonProfiledCodeHeapSize                  = 122909434                              {pd product} {ergonomic}
    uintx ProfiledCodeHeapSize                     = 122909434                              {pd product} {ergonomic}
    uintx ReservedCodeCacheSize                    = 251658240                              {pd product} {ergonomic}
     bool SegmentedCodeCache                       = true                                      {product} {ergonomic}
     bool ShowCodeDetailsInExceptionMessages       = true                                   {manageable} {command line}
   size_t SoftMaxHeapSize                          = 2124414976                             {manageable} {ergonomic}
     bool UseCompressedClassPointers               = true                           {product lp64_product} {ergonomic}
     bool UseCompressedOops                        = true                           {product lp64_product} {ergonomic}
     bool UseG1GC                                  = true                                      {product} {ergonomic}
     bool UseLargePagesIndividualAllocation        = false                                  {pd product} {ergonomic}

Logging:
Log output configuration:
 #0: stdout all=warning uptime,level,tags foldmultilines=false
 #1: stderr all=off uptime,level,tags foldmultilines=false

Environment Variables:
PATH=C:\Program Files\Common Files\Oracle\Java\javapath;C:\oracle\product\10.2.0\db_7\bin;C:\oracle\product\10.2.0\db_1\bin;C:\Windows\system32;C:\Windows;C:\Windows\System32\Wbem;C:\Windows\System32\WindowsPowerShell\v1.0\;C:\Windows\System32\OpenSSH\;C:\Users\Lenovo\AppData\Local\Microsoft\WindowsApps;
USERNAME=Lenovo
OS=Windows_NT
PROCESSOR_IDENTIFIER=Intel64 Family 6 Model 158 Stepping 13, GenuineIntel



---------------  S Y S T E M  ---------------

OS:
 Windows 10 , 64 bit Build 19041 (10.0.19041.2251)
OS uptime: 0 days 4:31 hours

CPU: total 8 (initial active 8) (4 cores per cpu, 2 threads per core) family 6 model 158 stepping 13 microcode 0xec, cx8, cmov, fxsr, ht, mmx, 3dnowpref, sse, sse2, sse3, ssse3, sse4.1, sse4.2, popcnt, lzcnt, tsc, tscinvbit, avx, avx2, aes, erms, clmul, bmi1, bmi2, adx, fma, vzeroupper, clflush, clflushopt

Memory: 4k page, system-wide physical 8103M (1998M free)
TotalPageFile size 10011M (AvailPageFile size 5M)
current process WorkingSet (physical memory assigned to process): 62M, peak: 62M
current process commit charge ("private bytes"): 226M, peak: 226M

vm_info: Java HotSpot(TM) 64-Bit Server VM (18.0.2+9-61) for windows-amd64 JRE (18.0.2+9-61), built on Jun  7 2022 13:09:01 by "mach5one" with MS VC++ 16.8 / 16.9 (VS2019)

END.
