#
# There is insufficient memory for the Java Runtime Environment to continue.
# Native memory allocation (mmap) failed to map 134217728 bytes for G1 virtual space
# Possible reasons:
#   The system is out of physical RAM or swap space
#   The process is running with CompressedOops enabled, and the Java Heap may be blocking the growth of the native heap
# Possible solutions:
#   Reduce memory load on the system
#   Increase physical memory or swap space
#   Check if swap backing store is full
#   Decrease Java heap size (-Xmx/-Xms)
#   Decrease number of Java threads
#   Decrease Java thread stack sizes (-Xss)
#   Set larger code cache with -XX:ReservedCodeCacheSize=
#   JVM is running with Unscaled Compressed Oops mode in which the Java heap is
#     placed in the first 4GB address space. The Java Heap base address is the
#     maximum limit for the native heap growth. Please use -XX:HeapBaseMinAddress
#     to set the Java Heap base and to place the Java Heap above 4GB virtual address.
# This output file may be truncated or incomplete.
#
#  Out of Memory Error (os_windows.cpp:3530), pid=16220, tid=13372
#
# JRE version:  (18.0.2+9) (build )
# Java VM: Java HotSpot(TM) 64-Bit Server VM (18.0.2+9-61, mixed mode, sharing, tiered, compressed oops, compressed class ptrs, g1 gc, windows-amd64)
# No core dump will be written. Minidumps are not enabled by default on client versions of Windows
#

---------------  S U M M A R Y ------------

Command Line: -Dfile.encoding=UTF-8 -XX:+ShowCodeDetailsInExceptionMessages com.section1.Demo2

Host: Intel(R) Core(TM) i5-9300HF CPU @ 2.40GHz, 8 cores, 7G,  Windows 10 , 64 bit Build 19041 (10.0.19041.2251)
Time: Sat Nov 12 13:33:05 2022 India Standard Time elapsed time: 0.053058 seconds (0d 0h 0m 0s)

---------------  T H R E A D  ---------------

Current thread (0x000001c9ade5c3c0):  JavaThread "Unknown thread" [_thread_in_vm, id=13372, stack(0x000000af81d00000,0x000000af81e00000)]

Stack: [0x000000af81d00000,0x000000af81e00000]
Native frames: (J=compiled Java code, j=interpreted, Vv=VM code, C=native code)
V  [jvm.dll+0x6993ca]
V  [jvm.dll+0x7f481d]
V  [jvm.dll+0x7f612e]
V  [jvm.dll+0x7f67e3]
V  [jvm.dll+0x25cdaf]
V  [jvm.dll+0x696319]
V  [jvm.dll+0x68ae4a]
V  [jvm.dll+0x3223eb]
V  [jvm.dll+0x329dc6]
V  [jvm.dll+0x37eade]
V  [jvm.dll+0x37ed0f]
V  [jvm.dll+0x2fa16a]
V  [jvm.dll+0x2fb1cd]
V  [jvm.dll+0x7c3450]
V  [jvm.dll+0x38be61]
V  [jvm.dll+0x7a2073]
V  [jvm.dll+0x40dc3f]
V  [jvm.dll+0x40f611]
C  [jli.dll+0x526b]
C  [ucrtbase.dll+0x21bb2]
C  [KERNEL32.DLL+0x174b4]
C  [ntdll.dll+0x526a1]


---------------  P R O C E S S  ---------------

Threads class SMR info:
_java_thread_list=0x00007ffeefb9e550, length=0, elements={
}

Java Threads: ( => current thread )

Other Threads:
  0x000001c9adeb7890 WorkerThread "GC Thread#0" [stack: 0x000000af81e00000,0x000000af81f00000] [id=8920]
  0x000001c9adec9420 ConcurrentGCThread "G1 Main Marker" [stack: 0x000000af81f00000,0x000000af82000000] [id=14812]
  0x000001c9adeca4c0 WorkerThread "G1 Conc#0" [stack: 0x000000af82000000,0x000000af82100000] [id=15760]

[error occurred during error reporting (printing all threads), id 0xc0000005, EXCEPTION_ACCESS_VIOLATION (0xc0000005) at pc=0x00007ffeef3ca707]

VM state: not at safepoint (not fully initialized)

VM Mutex/Monitor currently owned by a thread:  ([mutex/lock_event])
[0x000001c9ade59bf0] Heap_lock - owner thread: 0x000001c9ade5c3c0

Heap address: 0x0000000081600000, size: 2026 MB, Compressed Oops mode: 32-bit

CDS archive(s) mapped at: [0x0000000000000000-0x0000000000000000-0x0000000000000000), size 0, SharedBaseAddress: 0x0000000800000000, ArchiveRelocationMode: 0.
Narrow klass base: 0x0000000000000000, Narrow klass shift: 0, Narrow klass range: 0x0

GC Precious Log:
 CardTable entry size: 512
 Card Set container configuration: InlinePtr #cards 5 size 8 Array Of Cards #cards 12 size 40 Howl #buckets 4 coarsen threshold 1843 Howl Bitmap #cards 512 size 80 coarsen threshold 460 Card regions per heap region 1 cards per card region 2048

Heap:
 garbage-first heap   total 0K, used 0K [0x0000000081600000, 0x0000000100000000)
  region size 1024K, 0 young (0K), 0 survivors (0K)

[error occurred during error reporting (printing heap information), id 0xc0000005, EXCEPTION_ACCESS_VIOLATION (0xc0000005) at pc=0x00007ffeef7b1859]

GC Heap History (0 events):
No events

Deoptimization events (0 events):
No events

Classes loaded (0 events):
No events

Classes unloaded (0 events):
No events

Classes redefined (0 events):
No events

Internal exceptions (0 events):
No events

VM Operations (0 events):
No events

Events (1 events):
Event: 0.006 Loaded shared library C:\Program Files\Java\jdk-18.0.2\bin\java.dll


Dynamic libraries:
0x00007ff7fd080000 - 0x00007ff7fd090000 	C:\Program Files\Java\jdk-18.0.2\bin\javaw.exe
0x00007fff29b70000 - 0x00007fff29d68000 	C:\Windows\SYSTEM32\ntdll.dll
0x00007fff294c0000 - 0x00007fff2957f000 	C:\Windows\System32\KERNEL32.DLL
0x00007fff27670000 - 0x00007fff27942000 	C:\Windows\System32\KERNELBASE.dll
0x00007fff272a0000 - 0x00007fff273a0000 	C:\Windows\System32\ucrtbase.dll
0x00007fff1c400000 - 0x00007fff1c418000 	C:\Program Files\Java\jdk-18.0.2\bin\jli.dll
0x00007fff1d1e0000 - 0x00007fff1d1fa000 	C:\Program Files\Java\jdk-18.0.2\bin\VCRUNTIME140.dll
0x00007fff28ff0000 - 0x00007fff2909e000 	C:\Windows\System32\ADVAPI32.dll
0x00007fff28530000 - 0x00007fff285ce000 	C:\Windows\System32\msvcrt.dll
0x00007fff29380000 - 0x00007fff2941c000 	C:\Windows\System32\sechost.dll
0x00007fff28400000 - 0x00007fff28525000 	C:\Windows\System32\RPCRT4.dll
0x00007fff289c0000 - 0x00007fff28b5d000 	C:\Windows\System32\USER32.dll
0x00007fff11f80000 - 0x00007fff1221a000 	C:\Windows\WinSxS\amd64_microsoft.windows.common-controls_6595b64144ccf1df_6.0.19041.1110_none_60b5254171f9507e\COMCTL32.dll
0x00007fff27270000 - 0x00007fff27292000 	C:\Windows\System32\win32u.dll
0x00007fff29420000 - 0x00007fff2944b000 	C:\Windows\System32\GDI32.dll
0x00007fff27950000 - 0x00007fff27a5f000 	C:\Windows\System32\gdi32full.dll
0x00007fff27b20000 - 0x00007fff27bbd000 	C:\Windows\System32\msvcp_win.dll
0x00007fff1ea40000 - 0x00007fff1ea4a000 	C:\Windows\SYSTEM32\VERSION.dll
0x00007fff292e0000 - 0x00007fff29312000 	C:\Windows\System32\IMM32.DLL
0x00007fff24610000 - 0x00007fff2461c000 	C:\Program Files\Java\jdk-18.0.2\bin\vcruntime140_1.dll
0x00007fff01eb0000 - 0x00007fff01f3d000 	C:\Program Files\Java\jdk-18.0.2\bin\msvcp140.dll
0x00007ffeef0c0000 - 0x00007ffeefcd1000 	C:\Program Files\Java\jdk-18.0.2\bin\server\jvm.dll
0x00007fff285d0000 - 0x00007fff285d8000 	C:\Windows\System32\PSAPI.DLL
0x00007fff20980000 - 0x00007fff20989000 	C:\Windows\SYSTEM32\WSOCK32.dll
0x00007fff28ea0000 - 0x00007fff28f0b000 	C:\Windows\System32\WS2_32.dll
0x00007fff183e0000 - 0x00007fff18407000 	C:\Windows\SYSTEM32\WINMM.dll
0x00007fff25310000 - 0x00007fff25322000 	C:\Windows\SYSTEM32\kernel.appcore.dll
0x00007fff1c730000 - 0x00007fff1c73a000 	C:\Program Files\Java\jdk-18.0.2\bin\jimage.dll
0x00007fff24ee0000 - 0x00007fff250c4000 	C:\Windows\SYSTEM32\DBGHELP.DLL
0x00007fff10750000 - 0x00007fff1077c000 	C:\Windows\SYSTEM32\dbgcore.DLL
0x00007fff27a90000 - 0x00007fff27b12000 	C:\Windows\System32\bcryptPrimitives.dll
0x00007fff03cb0000 - 0x00007fff03cd5000 	C:\Program Files\Java\jdk-18.0.2\bin\java.dll

dbghelp: loaded successfully - version: 4.0.5 - missing functions: none
symbol engine: initialized successfully - sym options: 0x614 - pdb path: .;C:\Program Files\Java\jdk-18.0.2\bin;C:\Windows\SYSTEM32;C:\Windows\WinSxS\amd64_microsoft.windows.common-controls_6595b64144ccf1df_6.0.19041.1110_none_60b5254171f9507e;C:\Program Files\Java\jdk-18.0.2\bin\server

VM Arguments:
jvm_args: -Dfile.encoding=UTF-8 -XX:+ShowCodeDetailsInExceptionMessages 
java_command: com.section1.Demo2
java_class_path (initial): C:\Users\Lenovo\eclipse-workspace\Automation-Practice\bin;D:\Anchu\selenium\selenium-java-4.4.0\selenium-api-4.4.0.jar;D:\Anchu\selenium\selenium-java-4.4.0\selenium-api-4.4.0-sources.jar;D:\Anchu\selenium\selenium-java-4.4.0\selenium-chrome-driver-4.4.0.jar;D:\Anchu\selenium\selenium-java-4.4.0\selenium-chrome-driver-4.4.0-sources.jar;D:\Anchu\selenium\selenium-java-4.4.0\selenium-chromium-driver-4.4.0.jar;D:\Anchu\selenium\selenium-java-4.4.0\selenium-chromium-driver-4.4.0-sources.jar;D:\Anchu\selenium\selenium-java-4.4.0\selenium-devtools-v85-4.4.0.jar;D:\Anchu\selenium\selenium-java-4.4.0\selenium-devtools-v85-4.4.0-sources.jar;D:\Anchu\selenium\selenium-java-4.4.0\selenium-devtools-v102-4.4.0.jar;D:\Anchu\selenium\selenium-java-4.4.0\selenium-devtools-v102-4.4.0-sources.jar;D:\Anchu\selenium\selenium-java-4.4.0\selenium-devtools-v103-4.4.0.jar;D:\Anchu\selenium\selenium-java-4.4.0\selenium-devtools-v103-4.4.0-sources.jar;D:\Anchu\selenium\selenium-java-4.4.0\selenium-devtools-v104-4.4.0.jar;D:\Anchu\selenium\selenium-java-4.4.0\selenium-devtools-v104-4.4.0-sources.jar;D:\Anchu\selenium\selenium-java-4.4.0\selenium-edge-driver-4.4.0.jar;D:\Anchu\selenium\selenium-java-4.4.0\selenium-edge-driver-4.4.0-sources.jar;D:\Anchu\selenium\selenium-java-4.4.0\selenium-firefox-driver-4.4.0.jar;D:\Anchu\selenium\selenium-java-4.4.0\selenium-firefox-driver-4.4.0-sources.jar;D:\Anchu\selenium\selenium-java-4.4.0\selenium-http-4.4.0.jar;D:\Anchu\selenium\selenium-java-4.4.0\selenium-http-4.4.0-sources.jar;D:\Anchu\selenium\selenium-java-4.4.0\selenium-ie-driver-4.4.0.jar;D:\Anchu\selenium\selenium-java-4.4.0\selenium-ie-driver-4.4.0-sources.jar;D:\Anchu\selenium\selenium-java-4.4.0\selenium-java-4.4.0.jar;D:\Anchu\selenium\selenium-java-4.4.0\selenium-java-4.4.0-sources.jar;D:\Anchu\selenium\selenium-java-4.4.0\selenium-json-4.4.0.jar;D:\Anchu\selenium\selenium-java-4.4.0\selenium-json-4.4.0-sources.jar;D:\Anchu\selenium\selenium-java-4.4.0\selenium-opera-driver-4.4.0.jar;D:\Anchu\selenium\selenium-java-4.4.0\selenium-opera-driver-4.4.0-sources.jar;D:\Anchu\selenium\selenium-java-4.4.0\selenium-remote-driver-4.4.0.jar;D:\Anchu\selenium\selenium-java-4.4.0\selenium-remote-driver-4.4.0-sources.jar;D:\Anchu\selenium\selenium-java-4.4.0\selenium-safari-driver-4.4.0.jar;D:\Anchu\selenium\selenium-java-4.4.0\selenium-safari-driver-4.4.0-sources.jar;D:\Anchu\selenium\selenium-java-4.4.0\selenium-support-4.4.0.jar;D:\Anchu\selenium\selenium-java-4.4.0\selenium-support-4.4.0-sources.jar;D:\Anchu\selenium\selenium-java-4.4.0\lib\async-http-client-2.12.3.jar;D:\Anchu\selenium\selenium-java-4.4.0\lib\async-http-client-netty-utils-2.12.3.jar;D:\Anchu\selenium\selenium-java-4.4.0\lib\auto-common-1.2.1.jar;D:\Anchu\selenium\selenium-java-4.4.0\lib\auto-service-1.0.1.jar;D:\Anchu\selenium\selenium-java-4.4.0\lib\auto-service-annotations-1.0.1.jar;D:\Anchu\selenium\selenium-java-4.4.0\lib\byte-buddy-1.12.10.jar;D:\Anchu\selenium\selenium-java-4.4.0\lib\checker-qual-3.12.0.jar;D:\Anchu\selenium\selenium-java-4.4.0\lib\commons-exec-1.3.jar;D:\Anchu\selenium\selenium-java-4.4.0\lib\error_prone_annotations-2.11.0.jar;D:\Anchu\selenium\selenium-java-4.4.0\lib\failsafe-3.2.4.jar;D:\Anchu\selenium\selenium-java-4.4.0\lib\failureaccess-1.0.1.jar;D:\Anchu\selenium\selenium-java-4.4.0\lib\guava-31.1-jre.jar;D:\Anchu\selenium\selenium-java-4.4.0\lib\j2objc-annotations-1.3.jar;D:\Anchu\selenium\selenium-java-4.4.0\lib\jakarta.activation-1.2.2.jar;D:\Anchu\selenium\selenium-java-4.4.0\lib\jcommander-1.82.jar;D:\Anchu\selenium\selenium-java-4.4.0\lib\jsr305-3.0.2.jar;D:\Anchu\selenium\selenium-java-4.4.0\lib\jtoml-2.0.0.jar;D:\Anchu\selenium\selenium-java-4.4.0\lib\listenablefuture-9999.0-empty-to-avoid-conflict-with-guava.jar;D:\Anchu\selenium\selenium-java-4.4.0\lib\netty-buffer-4.1.78.Final.jar;D:\Anchu\selenium\selenium-java-4.4.0\lib\netty-codec-4.1.78.Final.jar;D:\Anchu\selenium\selenium-java-4.4.0\lib\netty-codec-http-4.1.78.Final.jar;D:\Anchu\selenium\selenium-java-4.4.0\lib\netty-codec-socks-4.1.78.Final.jar;D:\Anchu\selenium\selenium-java-4.4.0\lib\netty-common-4.1.78.Final.jar;D:\Anchu\selenium\selenium-java-4.4.0\lib\netty-handler-4.1.78.Final.jar;D:\Anchu\selenium\selenium-java-4.4.0\lib\netty-handler-proxy-4.1.78.Final.jar;D:\Anchu\selenium\selenium-java-4.4.0\lib\netty-reactive-streams-2.0.4.jar;D:\Anchu\selenium\selenium-java-4.4.0\lib\netty-resolver-4.1.78.Final.jar;D:\Anchu\selenium\selenium-java-4.4.0\lib\netty-transport-4.1.78.Final.jar;D:\Anchu\selenium\selenium-java-4.4.0\lib\netty-transport-classes-epoll-4.1.78.Final.jar;D:\Anchu\selenium\selenium-java-4.4.0\lib\netty-transport-classes-kqueue-4.1.78.Final.jar;D:\Anchu\selenium\selenium-java-4.4.0\lib\netty-transport-native-epoll-4.1.78.Final.jar;D:\Anchu\selenium\selenium-java-4.4.0\lib\netty-transport-native-kqueue-4.1.78.Final.jar;D:\Anchu\selenium\selenium-java-4.4.0\lib\netty-transport-native-unix-common-4.1.78.Final.jar;D:\Anchu\selenium\selenium-java-4.4.0\lib\opentelemetry-api-1.16.0.jar;D:\Anchu\selenium\selenium-java-4.4.0\lib\opentelemetry-context-1.16.0.jar;D:\Anchu\selenium\selenium-java-4.4.0\lib\opentelemetry-exporter-logging-1.16.0.jar;D:\Anchu\selenium\selenium-java-4.4.0\lib\opentelemetry-sdk-1.16.0.jar;D:\Anchu\selenium\selenium-java-4.4.0\lib\opentelemetry-sdk-common-1.16.0.jar;D:\Anchu\selenium\selenium-java-4.4.0\lib\opentelemetry-sdk-extension-autoconfigure-1.16.0-alpha.jar;D:\Anchu\selenium\selenium-java-4.4.0\lib\opentelemetry-sdk-extension-autoconfigure-spi-1.16.0.jar;D:\Anchu\selenium\selenium-java-4.4.0\lib\opentelemetry-sdk-logs-1.16.0-alpha.jar;D:\Anchu\selenium\selenium-java-4.4.0\lib\opentelemetry-sdk-metrics-1.16.0.jar;D:\Anchu\selenium\selenium-java-4.4.0\lib\opentelemetry-sdk-trace-1.16.0.jar;D:\Anchu\selenium\selenium-java-4.4.0\lib\opentelemetry-semconv-1.16.0-alpha.jar;D:\Anchu\selenium\selenium-java-4.4.0\lib\reactive-streams-1.0.4.jar;D:\Anchu\selenium\selenium-java-4.4.0\lib\slf4j-api-1.7.36.jar
Launcher Type: SUN_STANDARD

[Global flags]
     intx CICompilerCount                          = 4                                         {product} {ergonomic}
     uint ConcGCThreads                            = 2                                         {product} {ergonomic}
     uint G1ConcRefinementThreads                  = 8                                         {product} {ergonomic}
   size_t G1HeapRegionSize                         = 1048576                                   {product} {ergonomic}
    uintx GCDrainStackTargetSize                   = 64                                        {product} {ergonomic}
   size_t InitialHeapSize                          = 134217728                                 {product} {ergonomic}
   size_t MarkStackSize                            = 4194304                                   {product} {ergonomic}
   size_t MaxHeapSize                              = 2124414976                                {product} {ergonomic}
   size_t MinHeapDeltaBytes                        = 1048576                                   {product} {ergonomic}
   size_t MinHeapSize                              = 8388608                                   {product} {ergonomic}
    uintx NonNMethodCodeHeapSize                   = 5839372                                {pd product} {ergonomic}
    uintx NonProfiledCodeHeapSize                  = 122909434                              {pd product} {ergonomic}
    uintx ProfiledCodeHeapSize                     = 122909434                              {pd product} {ergonomic}
    uintx ReservedCodeCacheSize                    = 251658240                              {pd product} {ergonomic}
     bool SegmentedCodeCache                       = true                                      {product} {ergonomic}
     bool ShowCodeDetailsInExceptionMessages       = true                                   {manageable} {command line}
   size_t SoftMaxHeapSize                          = 2124414976                             {manageable} {ergonomic}
     bool UseCompressedClassPointers               = true                           {product lp64_product} {ergonomic}
     bool UseCompressedOops                        = true                           {product lp64_product} {ergonomic}
     bool UseG1GC                                  = true                                      {product} {ergonomic}
     bool UseLargePagesIndividualAllocation        = false                                  {pd product} {ergonomic}

Logging:
Log output configuration:
 #0: stdout all=warning uptime,level,tags foldmultilines=false
 #1: stderr all=off uptime,level,tags foldmultilines=false

Environment Variables:
PATH=C:\Program Files\Common Files\Oracle\Java\javapath;C:\oracle\product\10.2.0\db_7\bin;C:\oracle\product\10.2.0\db_1\bin;C:\Windows\system32;C:\Windows;C:\Windows\System32\Wbem;C:\Windows\System32\WindowsPowerShell\v1.0\;C:\Windows\System32\OpenSSH\;C:\Users\Lenovo\AppData\Local\Microsoft\WindowsApps;
USERNAME=Lenovo
OS=Windows_NT
PROCESSOR_IDENTIFIER=Intel64 Family 6 Model 158 Stepping 13, GenuineIntel



---------------  S Y S T E M  ---------------

OS:
 Windows 10 , 64 bit Build 19041 (10.0.19041.2251)
OS uptime: 0 days 4:27 hours

CPU: total 8 (initial active 8) (4 cores per cpu, 2 threads per core) family 6 model 158 stepping 13 microcode 0xec, cx8, cmov, fxsr, ht, mmx, 3dnowpref, sse, sse2, sse3, ssse3, sse4.1, sse4.2, popcnt, lzcnt, tsc, tscinvbit, avx, avx2, aes, erms, clmul, bmi1, bmi2, adx, fma, vzeroupper, clflush, clflushopt

Memory: 4k page, system-wide physical 8103M (1932M free)
TotalPageFile size 10011M (AvailPageFile size 104M)
current process WorkingSet (physical memory assigned to process): 10M, peak: 10M
current process commit charge ("private bytes"): 60M, peak: 188M

vm_info: Java HotSpot(TM) 64-Bit Server VM (18.0.2+9-61) for windows-amd64 JRE (18.0.2+9-61), built on Jun  7 2022 13:09:01 by "mach5one" with MS VC++ 16.8 / 16.9 (VS2019)

END.
