#
# There is insufficient memory for the Java Runtime Environment to continue.
# Native memory allocation (mmap) failed to map 134217728 bytes for G1 virtual space
# Possible reasons:
#   The system is out of physical RAM or swap space
#   The process is running with CompressedOops enabled, and the Java Heap may be blocking the growth of the native heap
# Possible solutions:
#   Reduce memory load on the system
#   Increase physical memory or swap space
#   Check if swap backing store is full
#   Decrease Java heap size (-Xmx/-Xms)
#   Decrease number of Java threads
#   Decrease Java thread stack sizes (-Xss)
#   Set larger code cache with -XX:ReservedCodeCacheSize=
#   JVM is running with Unscaled Compressed Oops mode in which the Java heap is
#     placed in the first 4GB address space. The Java Heap base address is the
#     maximum limit for the native heap growth. Please use -XX:HeapBaseMinAddress
#     to set the Java Heap base and to place the Java Heap above 4GB virtual address.
# This output file may be truncated or incomplete.
#
#  Out of Memory Error (os_windows.cpp:3530), pid=11512, tid=14820
#
# JRE version:  (18.0.2+9) (build )
# Java VM: Java HotSpot(TM) 64-Bit Server VM (18.0.2+9-61, mixed mode, sharing, tiered, compressed oops, compressed class ptrs, g1 gc, windows-amd64)
# No core dump will be written. Minidumps are not enabled by default on client versions of Windows
#

---------------  S U M M A R Y ------------

Command Line: -Dfile.encoding=UTF-8 -XX:+ShowCodeDetailsInExceptionMessages com.section1.DemoChild

Host: Intel(R) Core(TM) i5-9300HF CPU @ 2.40GHz, 8 cores, 7G,  Windows 10 , 64 bit Build 19041 (10.0.19041.2251)
Time: Mon Dec  5 11:50:04 2022 India Standard Time elapsed time: 0.019560 seconds (0d 0h 0m 0s)

---------------  T H R E A D  ---------------

Current thread (0x00000172733cd8f0):  JavaThread "Unknown thread" [_thread_in_vm, id=14820, stack(0x00000023afe00000,0x00000023aff00000)]

Stack: [0x00000023afe00000,0x00000023aff00000]
Native frames: (J=compiled Java code, j=interpreted, Vv=VM code, C=native code)
V  [jvm.dll+0x6993ca]
V  [jvm.dll+0x7f481d]
V  [jvm.dll+0x7f612e]
V  [jvm.dll+0x7f67e3]
V  [jvm.dll+0x25cdaf]
V  [jvm.dll+0x696319]
V  [jvm.dll+0x68ae4a]
V  [jvm.dll+0x3223eb]
V  [jvm.dll+0x329dc6]
V  [jvm.dll+0x37eade]
V  [jvm.dll+0x37ed0f]
V  [jvm.dll+0x2fa16a]
V  [jvm.dll+0x2fb1cd]
V  [jvm.dll+0x7c3450]
V  [jvm.dll+0x38be61]
V  [jvm.dll+0x7a2073]
V  [jvm.dll+0x40dc3f]
V  [jvm.dll+0x40f611]
C  [jli.dll+0x526b]
C  [ucrtbase.dll+0x21bb2]
C  [KERNEL32.DLL+0x174b4]
C  [ntdll.dll+0x526a1]


---------------  P R O C E S S  ---------------

Threads class SMR info:
_java_thread_list=0x00007ffb990ce550, length=0, elements={
}

Java Threads: ( => current thread )

Other Threads:
  0x000001727342d100 WorkerThread "GC Thread#0" [stack: 0x00000023aff00000,0x00000023b0000000] [id=14212]
  0x000001727343f430 ConcurrentGCThread "G1 Main Marker" [stack: 0x00000023b0000000,0x00000023b0100000] [id=10044]
  0x0000017273440d40 WorkerThread "G1 Conc#0" [stack: 0x00000023b0100000,0x00000023b0200000] [id=14568]

[error occurred during error reporting (printing all threads), id 0xc0000005, EXCEPTION_ACCESS_VIOLATION (0xc0000005) at pc=0x00007ffb988fa707]

VM state: not at safepoint (not fully initialized)

VM Mutex/Monitor currently owned by a thread:  ([mutex/lock_event])
[0x00000172733ca3a0] Heap_lock - owner thread: 0x00000172733cd8f0

Heap address: 0x0000000081600000, size: 2026 MB, Compressed Oops mode: 32-bit

CDS archive(s) mapped at: [0x0000000000000000-0x0000000000000000-0x0000000000000000), size 0, SharedBaseAddress: 0x0000000800000000, ArchiveRelocationMode: 0.
Narrow klass base: 0x0000000000000000, Narrow klass shift: 0, Narrow klass range: 0x0

GC Precious Log:
 CardTable entry size: 512
 Card Set container configuration: InlinePtr #cards 5 size 8 Array Of Cards #cards 12 size 40 Howl #buckets 4 coarsen threshold 1843 Howl Bitmap #cards 512 size 80 coarsen threshold 460 Card regions per heap region 1 cards per card region 2048

Heap:
 garbage-first heap   total 0K, used 0K [0x0000000081600000, 0x0000000100000000)
  region size 1024K, 0 young (0K), 0 survivors (0K)

[error occurred during error reporting (printing heap information), id 0xc0000005, EXCEPTION_ACCESS_VIOLATION (0xc0000005) at pc=0x00007ffb98ce1859]

GC Heap History (0 events):
No events

Deoptimization events (0 events):
No events

Classes loaded (0 events):
No events

Classes unloaded (0 events):
No events

Classes redefined (0 events):
No events

Internal exceptions (0 events):
No events

VM Operations (0 events):
No events

Events (1 events):
Event: 0.008 Loaded shared library C:\Program Files\Java\jdk-18.0.2\bin\java.dll


Dynamic libraries:
0x00007ff79de00000 - 0x00007ff79de10000 	C:\Program Files\Java\jdk-18.0.2\bin\javaw.exe
0x00007ffbd5430000 - 0x00007ffbd5628000 	C:\Windows\SYSTEM32\ntdll.dll
0x00007ffbd4200000 - 0x00007ffbd42bf000 	C:\Windows\System32\KERNEL32.DLL
0x00007ffbd2fc0000 - 0x00007ffbd3292000 	C:\Windows\System32\KERNELBASE.dll
0x00007ffbd2b00000 - 0x00007ffbd2c00000 	C:\Windows\System32\ucrtbase.dll
0x00007ffbcda70000 - 0x00007ffbcda88000 	C:\Program Files\Java\jdk-18.0.2\bin\jli.dll
0x00007ffbcd410000 - 0x00007ffbcd42a000 	C:\Program Files\Java\jdk-18.0.2\bin\VCRUNTIME140.dll
0x00007ffbd42e0000 - 0x00007ffbd438e000 	C:\Windows\System32\ADVAPI32.dll
0x00007ffbd3f80000 - 0x00007ffbd401e000 	C:\Windows\System32\msvcrt.dll
0x00007ffbd5320000 - 0x00007ffbd53bc000 	C:\Windows\System32\sechost.dll
0x00007ffbd3450000 - 0x00007ffbd3575000 	C:\Windows\System32\RPCRT4.dll
0x00007ffbd4fd0000 - 0x00007ffbd516d000 	C:\Windows\System32\USER32.dll
0x00007ffbd2d30000 - 0x00007ffbd2d52000 	C:\Windows\System32\win32u.dll
0x00007ffbbb360000 - 0x00007ffbbb5fa000 	C:\Windows\WinSxS\amd64_microsoft.windows.common-controls_6595b64144ccf1df_6.0.19041.1110_none_60b5254171f9507e\COMCTL32.dll
0x00007ffbd4020000 - 0x00007ffbd404b000 	C:\Windows\System32\GDI32.dll
0x00007ffbd2e00000 - 0x00007ffbd2f0f000 	C:\Windows\System32\gdi32full.dll
0x00007ffbd2c00000 - 0x00007ffbd2c9d000 	C:\Windows\System32\msvcp_win.dll
0x00007ffbc96e0000 - 0x00007ffbc96ea000 	C:\Windows\SYSTEM32\VERSION.dll
0x00007ffbd3eb0000 - 0x00007ffbd3ee2000 	C:\Windows\System32\IMM32.DLL
0x00007ffbcfc20000 - 0x00007ffbcfc2c000 	C:\Program Files\Java\jdk-18.0.2\bin\vcruntime140_1.dll
0x00007ffbad010000 - 0x00007ffbad09d000 	C:\Program Files\Java\jdk-18.0.2\bin\msvcp140.dll
0x00007ffb985f0000 - 0x00007ffb99201000 	C:\Program Files\Java\jdk-18.0.2\bin\server\jvm.dll
0x00007ffbd5310000 - 0x00007ffbd5318000 	C:\Windows\System32\PSAPI.DLL
0x00007ffbcd400000 - 0x00007ffbcd409000 	C:\Windows\SYSTEM32\WSOCK32.dll
0x00007ffbc78b0000 - 0x00007ffbc78d7000 	C:\Windows\SYSTEM32\WINMM.dll
0x00007ffbd52a0000 - 0x00007ffbd530b000 	C:\Windows\System32\WS2_32.dll
0x00007ffbd0b60000 - 0x00007ffbd0b72000 	C:\Windows\SYSTEM32\kernel.appcore.dll
0x00007ffbcc7d0000 - 0x00007ffbcc7da000 	C:\Program Files\Java\jdk-18.0.2\bin\jimage.dll
0x00007ffbd03f0000 - 0x00007ffbd05d4000 	C:\Windows\SYSTEM32\DBGHELP.DLL
0x00007ffbba7e0000 - 0x00007ffbba80c000 	C:\Windows\SYSTEM32\dbgcore.DLL
0x00007ffbd2ca0000 - 0x00007ffbd2d22000 	C:\Windows\System32\bcryptPrimitives.dll
0x00007ffbb8ae0000 - 0x00007ffbb8b05000 	C:\Program Files\Java\jdk-18.0.2\bin\java.dll

dbghelp: loaded successfully - version: 4.0.5 - missing functions: none
symbol engine: initialized successfully - sym options: 0x614 - pdb path: .;C:\Program Files\Java\jdk-18.0.2\bin;C:\Windows\SYSTEM32;C:\Windows\WinSxS\amd64_microsoft.windows.common-controls_6595b64144ccf1df_6.0.19041.1110_none_60b5254171f9507e;C:\Program Files\Java\jdk-18.0.2\bin\server

VM Arguments:
jvm_args: -Dfile.encoding=UTF-8 -XX:+ShowCodeDetailsInExceptionMessages 
java_command: com.section1.DemoChild
java_class_path (initial): C:\Users\Lenovo\eclipse-workspace\Java\bin
Launcher Type: SUN_STANDARD

[Global flags]
     intx CICompilerCount                          = 4                                         {product} {ergonomic}
     uint ConcGCThreads                            = 2                                         {product} {ergonomic}
     uint G1ConcRefinementThreads                  = 8                                         {product} {ergonomic}
   size_t G1HeapRegionSize                         = 1048576                                   {product} {ergonomic}
    uintx GCDrainStackTargetSize                   = 64                                        {product} {ergonomic}
   size_t InitialHeapSize                          = 134217728                                 {product} {ergonomic}
   size_t MarkStackSize                            = 4194304                                   {product} {ergonomic}
   size_t MaxHeapSize                              = 2124414976                                {product} {ergonomic}
   size_t MinHeapDeltaBytes                        = 1048576                                   {product} {ergonomic}
   size_t MinHeapSize                              = 8388608                                   {product} {ergonomic}
    uintx NonNMethodCodeHeapSize                   = 5839372                                {pd product} {ergonomic}
    uintx NonProfiledCodeHeapSize                  = 122909434                              {pd product} {ergonomic}
    uintx ProfiledCodeHeapSize                     = 122909434                              {pd product} {ergonomic}
    uintx ReservedCodeCacheSize                    = 251658240                              {pd product} {ergonomic}
     bool SegmentedCodeCache                       = true                                      {product} {ergonomic}
     bool ShowCodeDetailsInExceptionMessages       = true                                   {manageable} {command line}
   size_t SoftMaxHeapSize                          = 2124414976                             {manageable} {ergonomic}
     bool UseCompressedClassPointers               = true                           {product lp64_product} {ergonomic}
     bool UseCompressedOops                        = true                           {product lp64_product} {ergonomic}
     bool UseG1GC                                  = true                                      {product} {ergonomic}
     bool UseLargePagesIndividualAllocation        = false                                  {pd product} {ergonomic}

Logging:
Log output configuration:
 #0: stdout all=warning uptime,level,tags foldmultilines=false
 #1: stderr all=off uptime,level,tags foldmultilines=false

Environment Variables:
PATH=C:\Program Files\Common Files\Oracle\Java\javapath;C:\oracle\product\10.2.0\db_7\bin;C:\oracle\product\10.2.0\db_1\bin;C:\Windows\system32;C:\Windows;C:\Windows\System32\Wbem;C:\Windows\System32\WindowsPowerShell\v1.0\;C:\Windows\System32\OpenSSH\;C:\Program Files (x86)\dotnet\;C:\Users\Lenovo\AppData\Local\Microsoft\WindowsApps;
USERNAME=Lenovo
OS=Windows_NT
PROCESSOR_IDENTIFIER=Intel64 Family 6 Model 158 Stepping 13, GenuineIntel



---------------  S Y S T E M  ---------------

OS:
 Windows 10 , 64 bit Build 19041 (10.0.19041.2251)
OS uptime: 2 days 1:59 hours

CPU: total 8 (initial active 8) (4 cores per cpu, 2 threads per core) family 6 model 158 stepping 13 microcode 0xec, cx8, cmov, fxsr, ht, mmx, 3dnowpref, sse, sse2, sse3, ssse3, sse4.1, sse4.2, popcnt, lzcnt, tsc, tscinvbit, avx, avx2, aes, erms, clmul, bmi1, bmi2, adx, fma, vzeroupper, clflush, clflushopt

Memory: 4k page, system-wide physical 8103M (1535M free)
TotalPageFile size 8103M (AvailPageFile size 29M)
current process WorkingSet (physical memory assigned to process): 10M, peak: 10M
current process commit charge ("private bytes"): 60M, peak: 188M

vm_info: Java HotSpot(TM) 64-Bit Server VM (18.0.2+9-61) for windows-amd64 JRE (18.0.2+9-61), built on Jun  7 2022 13:09:01 by "mach5one" with MS VC++ 16.8 / 16.9 (VS2019)

END.
